[2024-07-26 22:55:39,623] {taskinstance.py:896} INFO - Dependencies all met for <TaskInstance: grillos_operations.create_schemas 2024-07-26T22:39:00.582770+00:00 [queued]>
[2024-07-26 22:55:39,735] {taskinstance.py:896} INFO - Dependencies all met for <TaskInstance: grillos_operations.create_schemas 2024-07-26T22:39:00.582770+00:00 [queued]>
[2024-07-26 22:55:39,737] {taskinstance.py:1087} INFO - 
--------------------------------------------------------------------------------
[2024-07-26 22:55:39,738] {taskinstance.py:1088} INFO - Starting attempt 4 of 5
[2024-07-26 22:55:39,739] {taskinstance.py:1089} INFO - 
--------------------------------------------------------------------------------
[2024-07-26 22:55:39,784] {taskinstance.py:1107} INFO - Executing <Task(PostgresOperator): create_schemas> on 2024-07-26T22:39:00.582770+00:00
[2024-07-26 22:55:39,796] {standard_task_runner.py:52} INFO - Started process 170 to run task
[2024-07-26 22:55:39,806] {standard_task_runner.py:76} INFO - Running: ['airflow', 'tasks', 'run', 'grillos_operations', 'create_schemas', '2024-07-26T22:39:00.582770+00:00', '--job-id', '9', '--pool', 'default_pool', '--raw', '--subdir', 'DAGS_FOLDER/dag1.py', '--cfg-path', '/tmp/tmpcpa0bm45', '--error-file', '/tmp/tmp7pq_wfvs']
[2024-07-26 22:55:39,814] {standard_task_runner.py:77} INFO - Job 9: Subtask create_schemas
[2024-07-26 22:55:39,959] {logging_mixin.py:104} INFO - Running <TaskInstance: grillos_operations.create_schemas 2024-07-26T22:39:00.582770+00:00 [running]> on host 5597fb3f8a91
[2024-07-26 22:55:40,116] {taskinstance.py:1302} INFO - Exporting the following env vars:
AIRFLOW_CTX_DAG_OWNER=airflow
AIRFLOW_CTX_DAG_ID=grillos_operations
AIRFLOW_CTX_TASK_ID=create_schemas
AIRFLOW_CTX_EXECUTION_DATE=2024-07-26T22:39:00.582770+00:00
AIRFLOW_CTX_DAG_RUN_ID=manual__2024-07-26T22:39:00.582770+00:00
[2024-07-26 22:55:40,123] {postgres.py:68} INFO - Executing: 
    BEGIN;
    CREATE SCHEMA IF NOT EXISTS bronze;
    CREATE SCHEMA IF NOT EXISTS silver;
    CREATE SCHEMA IF NOT EXISTS gold;
    COMMIT;
    
[2024-07-26 22:55:40,151] {taskinstance.py:1501} ERROR - Task failed with exception
Traceback (most recent call last):
  File "/home/airflow/.local/lib/python3.6/site-packages/airflow/models/taskinstance.py", line 1157, in _run_raw_task
    self._prepare_and_execute_task_with_callbacks(context, task)
  File "/home/airflow/.local/lib/python3.6/site-packages/airflow/models/taskinstance.py", line 1331, in _prepare_and_execute_task_with_callbacks
    result = self._execute_task(context, task_copy)
  File "/home/airflow/.local/lib/python3.6/site-packages/airflow/models/taskinstance.py", line 1361, in _execute_task
    result = task_copy.execute(context=context)
  File "/home/airflow/.local/lib/python3.6/site-packages/airflow/providers/postgres/operators/postgres.py", line 70, in execute
    self.hook.run(self.sql, self.autocommit, parameters=self.parameters)
  File "/home/airflow/.local/lib/python3.6/site-packages/airflow/hooks/dbapi.py", line 177, in run
    with closing(self.get_conn()) as conn:
  File "/home/airflow/.local/lib/python3.6/site-packages/airflow/providers/postgres/hooks/postgres.py", line 88, in get_conn
    conn = deepcopy(self.connection or self.get_connection(conn_id))
  File "/home/airflow/.local/lib/python3.6/site-packages/airflow/hooks/base.py", line 67, in get_connection
    conn = Connection.get_connection_from_secrets(conn_id)
  File "/home/airflow/.local/lib/python3.6/site-packages/airflow/models/connection.py", line 379, in get_connection_from_secrets
    raise AirflowNotFoundException(f"The conn_id `{conn_id}` isn't defined")
airflow.exceptions.AirflowNotFoundException: The conn_id `***_grillos` isn't defined
[2024-07-26 22:55:40,156] {taskinstance.py:1551} INFO - Marking task as UP_FOR_RETRY. dag_id=grillos_operations, task_id=create_schemas, execution_date=20240726T223900, start_date=20240726T225539, end_date=20240726T225540
[2024-07-26 22:55:40,227] {local_task_job.py:149} INFO - Task exited with return code 1
