[2024-07-27 01:23:29,680] {taskinstance.py:896} INFO - Dependencies all met for <TaskInstance: grillos_operations.create_schemas 2024-07-27T01:23:28.685356+00:00 [queued]>
[2024-07-27 01:23:29,724] {taskinstance.py:896} INFO - Dependencies all met for <TaskInstance: grillos_operations.create_schemas 2024-07-27T01:23:28.685356+00:00 [queued]>
[2024-07-27 01:23:29,725] {taskinstance.py:1087} INFO - 
--------------------------------------------------------------------------------
[2024-07-27 01:23:29,725] {taskinstance.py:1088} INFO - Starting attempt 1 of 4
[2024-07-27 01:23:29,726] {taskinstance.py:1089} INFO - 
--------------------------------------------------------------------------------
[2024-07-27 01:23:29,746] {taskinstance.py:1107} INFO - Executing <Task(PostgresOperator): create_schemas> on 2024-07-27T01:23:28.685356+00:00
[2024-07-27 01:23:29,753] {standard_task_runner.py:52} INFO - Started process 189 to run task
[2024-07-27 01:23:29,759] {standard_task_runner.py:76} INFO - Running: ['airflow', 'tasks', 'run', 'grillos_operations', 'create_schemas', '2024-07-27T01:23:28.685356+00:00', '--job-id', '12', '--pool', 'default_pool', '--raw', '--subdir', 'DAGS_FOLDER/dag1.py', '--cfg-path', '/tmp/tmpiz6twuvq', '--error-file', '/tmp/tmphkeclyi2']
[2024-07-27 01:23:29,765] {standard_task_runner.py:77} INFO - Job 12: Subtask create_schemas
[2024-07-27 01:23:29,844] {logging_mixin.py:104} INFO - Running <TaskInstance: grillos_operations.create_schemas 2024-07-27T01:23:28.685356+00:00 [running]> on host 3c41c82aeeaa
[2024-07-27 01:23:29,952] {taskinstance.py:1302} INFO - Exporting the following env vars:
AIRFLOW_CTX_DAG_OWNER=airflow
AIRFLOW_CTX_DAG_ID=grillos_operations
AIRFLOW_CTX_TASK_ID=create_schemas
AIRFLOW_CTX_EXECUTION_DATE=2024-07-27T01:23:28.685356+00:00
AIRFLOW_CTX_DAG_RUN_ID=manual__2024-07-27T01:23:28.685356+00:00
[2024-07-27 01:23:29,954] {postgres.py:68} INFO - Executing: 
    BEGIN;
    CREATE SCHEMA IF NOT EXISTS bronze;
    CREATE SCHEMA IF NOT EXISTS silver;
    CREATE SCHEMA IF NOT EXISTS gold;
    COMMIT;
    
[2024-07-27 01:23:29,971] {base.py:78} INFO - Using connection to: id: ***_grillos. Host: ***_warehouse, Port: 5432, Schema: warehouse, Login: ***, Password: ***, extra: {}
[2024-07-27 01:23:29,983] {dbapi.py:204} INFO - Running statement: 
    BEGIN;
    CREATE SCHEMA IF NOT EXISTS bronze;
    CREATE SCHEMA IF NOT EXISTS silver;
    CREATE SCHEMA IF NOT EXISTS gold;
    COMMIT;
    , parameters: None
[2024-07-27 01:23:29,997] {postgres.py:72} INFO - WARNING:  there is already a transaction in progress

[2024-07-27 01:23:30,017] {postgres.py:72} INFO - NOTICE:  schema "bronze" already exists, skipping

[2024-07-27 01:23:30,022] {postgres.py:72} INFO - NOTICE:  schema "silver" already exists, skipping

[2024-07-27 01:23:30,027] {postgres.py:72} INFO - NOTICE:  schema "gold" already exists, skipping

[2024-07-27 01:23:30,028] {postgres.py:72} INFO - WARNING:  there is no transaction in progress

[2024-07-27 01:23:30,103] {taskinstance.py:1211} INFO - Marking task as SUCCESS. dag_id=grillos_operations, task_id=create_schemas, execution_date=20240727T012328, start_date=20240727T012329, end_date=20240727T012330
[2024-07-27 01:23:30,164] {taskinstance.py:1265} INFO - 1 downstream tasks scheduled from follow-on schedule check
[2024-07-27 01:23:30,215] {local_task_job.py:149} INFO - Task exited with return code 0
