[2024-07-27 01:45:33,070] {taskinstance.py:896} INFO - Dependencies all met for <TaskInstance: grillos_operations.create_tables 2024-07-27T01:45:29.080739+00:00 [queued]>
[2024-07-27 01:45:33,141] {taskinstance.py:896} INFO - Dependencies all met for <TaskInstance: grillos_operations.create_tables 2024-07-27T01:45:29.080739+00:00 [queued]>
[2024-07-27 01:45:33,142] {taskinstance.py:1087} INFO - 
--------------------------------------------------------------------------------
[2024-07-27 01:45:33,143] {taskinstance.py:1088} INFO - Starting attempt 1 of 4
[2024-07-27 01:45:33,144] {taskinstance.py:1089} INFO - 
--------------------------------------------------------------------------------
[2024-07-27 01:45:33,168] {taskinstance.py:1107} INFO - Executing <Task(PostgresOperator): create_tables> on 2024-07-27T01:45:29.080739+00:00
[2024-07-27 01:45:33,175] {standard_task_runner.py:52} INFO - Started process 451 to run task
[2024-07-27 01:45:33,181] {standard_task_runner.py:76} INFO - Running: ['airflow', 'tasks', 'run', 'grillos_operations', 'create_tables', '2024-07-27T01:45:29.080739+00:00', '--job-id', '33', '--pool', 'default_pool', '--raw', '--subdir', 'DAGS_FOLDER/dag1.py', '--cfg-path', '/tmp/tmpe3fipun_', '--error-file', '/tmp/tmp52ke0fv0']
[2024-07-27 01:45:33,187] {standard_task_runner.py:77} INFO - Job 33: Subtask create_tables
[2024-07-27 01:45:33,271] {logging_mixin.py:104} INFO - Running <TaskInstance: grillos_operations.create_tables 2024-07-27T01:45:29.080739+00:00 [running]> on host 3c41c82aeeaa
[2024-07-27 01:45:33,423] {taskinstance.py:1302} INFO - Exporting the following env vars:
AIRFLOW_CTX_DAG_OWNER=airflow
AIRFLOW_CTX_DAG_ID=grillos_operations
AIRFLOW_CTX_TASK_ID=create_tables
AIRFLOW_CTX_EXECUTION_DATE=2024-07-27T01:45:29.080739+00:00
AIRFLOW_CTX_DAG_RUN_ID=manual__2024-07-27T01:45:29.080739+00:00
[2024-07-27 01:45:33,433] {postgres.py:68} INFO - Executing: 
    BEGIN;
    CREATE TABLE IF NOT EXISTS bronze.raw_grillos (
        id VARCHAR PRIMARY KEY,
        counter INTEGER,
        fecha_registro DATE,
        fecha_nacimiento DATE,
        tipo CHAR(1),
        volumen FLOAT
    );
    COMMIT;
    
[2024-07-27 01:45:33,450] {base.py:78} INFO - Using connection to: id: ***_grillos. Host: ***_warehouse, Port: 5432, Schema: warehouse, Login: ***, Password: ***, extra: {}
[2024-07-27 01:45:33,460] {dbapi.py:204} INFO - Running statement: 
    BEGIN;
    CREATE TABLE IF NOT EXISTS bronze.raw_grillos (
        id VARCHAR PRIMARY KEY,
        counter INTEGER,
        fecha_registro DATE,
        fecha_nacimiento DATE,
        tipo CHAR(1),
        volumen FLOAT
    );
    COMMIT;
    , parameters: None
[2024-07-27 01:45:33,475] {postgres.py:72} INFO - WARNING:  there is already a transaction in progress

[2024-07-27 01:45:33,480] {postgres.py:72} INFO - NOTICE:  relation "raw_grillos" already exists, skipping

[2024-07-27 01:45:33,483] {postgres.py:72} INFO - WARNING:  there is no transaction in progress

[2024-07-27 01:45:33,544] {taskinstance.py:1211} INFO - Marking task as SUCCESS. dag_id=grillos_operations, task_id=create_tables, execution_date=20240727T014529, start_date=20240727T014533, end_date=20240727T014533
[2024-07-27 01:45:33,634] {taskinstance.py:1265} INFO - 0 downstream tasks scheduled from follow-on schedule check
[2024-07-27 01:45:33,686] {local_task_job.py:149} INFO - Task exited with return code 0
