[2024-07-27 02:25:21,221] {taskinstance.py:896} INFO - Dependencies all met for <TaskInstance: grillos_operations.copy_data 2024-07-26T23:52:34.530473+00:00 [queued]>
[2024-07-27 02:25:21,246] {taskinstance.py:896} INFO - Dependencies all met for <TaskInstance: grillos_operations.copy_data 2024-07-26T23:52:34.530473+00:00 [queued]>
[2024-07-27 02:25:21,246] {taskinstance.py:1087} INFO - 
--------------------------------------------------------------------------------
[2024-07-27 02:25:21,247] {taskinstance.py:1088} INFO - Starting attempt 5 of 8
[2024-07-27 02:25:21,247] {taskinstance.py:1089} INFO - 
--------------------------------------------------------------------------------
[2024-07-27 02:25:21,268] {taskinstance.py:1107} INFO - Executing <Task(PostgresOperator): copy_data> on 2024-07-26T23:52:34.530473+00:00
[2024-07-27 02:25:21,273] {standard_task_runner.py:52} INFO - Started process 635 to run task
[2024-07-27 02:25:21,278] {standard_task_runner.py:76} INFO - Running: ['airflow', 'tasks', 'run', 'grillos_operations', 'copy_data', '2024-07-26T23:52:34.530473+00:00', '--job-id', '71', '--pool', 'default_pool', '--raw', '--subdir', 'DAGS_FOLDER/dag1.py', '--cfg-path', '/tmp/tmp1w8gk530', '--error-file', '/tmp/tmpahmywtj6']
[2024-07-27 02:25:21,282] {standard_task_runner.py:77} INFO - Job 71: Subtask copy_data
[2024-07-27 02:25:21,352] {logging_mixin.py:104} INFO - Running <TaskInstance: grillos_operations.copy_data 2024-07-26T23:52:34.530473+00:00 [running]> on host af0979500140
[2024-07-27 02:25:21,440] {taskinstance.py:1302} INFO - Exporting the following env vars:
AIRFLOW_CTX_DAG_OWNER=airflow
AIRFLOW_CTX_DAG_ID=grillos_operations
AIRFLOW_CTX_TASK_ID=copy_data
AIRFLOW_CTX_EXECUTION_DATE=2024-07-26T23:52:34.530473+00:00
AIRFLOW_CTX_DAG_RUN_ID=manual__2024-07-26T23:52:34.530473+00:00
[2024-07-27 02:25:21,442] {postgres.py:68} INFO - Executing: 
    BEGIN;
    CREATE TEMP TABLE tmp_grillos AS TABLE bronze.raw_grillos WITH NO DATA;
    
    COPY tmp_grillos (id, counter, fecha_registro, fecha_nacimiento, tipo, volumen)
    FROM '/import/data_grillos.csv'
    DELIMITER ','
    CSV HEADER;

    INSERT INTO bronze.raw_grillos (id, counter, fecha_registro, fecha_nacimiento, tipo, volumen)
    SELECT id, counter, fecha_registro, fecha_nacimiento, tipo, volumen
    FROM tmp_grillos
    ON CONFLICT (id) DO NOTHING;

    DROP TABLE tmp_grillos;
    COMMIT;
    
[2024-07-27 02:25:21,455] {base.py:78} INFO - Using connection to: id: ***_grillos. Host: ***_warehouse, Port: 5432, Schema: warehouse, Login: ***, Password: ***, extra: {}
[2024-07-27 02:25:21,466] {dbapi.py:204} INFO - Running statement: 
    BEGIN;
    CREATE TEMP TABLE tmp_grillos AS TABLE bronze.raw_grillos WITH NO DATA;
    
    COPY tmp_grillos (id, counter, fecha_registro, fecha_nacimiento, tipo, volumen)
    FROM '/import/data_grillos.csv'
    DELIMITER ','
    CSV HEADER;

    INSERT INTO bronze.raw_grillos (id, counter, fecha_registro, fecha_nacimiento, tipo, volumen)
    SELECT id, counter, fecha_registro, fecha_nacimiento, tipo, volumen
    FROM tmp_grillos
    ON CONFLICT (id) DO NOTHING;

    DROP TABLE tmp_grillos;
    COMMIT;
    , parameters: None
[2024-07-27 02:25:21,497] {postgres.py:72} INFO - WARNING:  there is already a transaction in progress

[2024-07-27 02:25:21,502] {postgres.py:72} INFO - WARNING:  there is no transaction in progress

[2024-07-27 02:25:21,518] {taskinstance.py:1211} INFO - Marking task as SUCCESS. dag_id=grillos_operations, task_id=copy_data, execution_date=20240726T235234, start_date=20240727T022521, end_date=20240727T022521
[2024-07-27 02:25:21,565] {taskinstance.py:1265} INFO - 1 downstream tasks scheduled from follow-on schedule check
[2024-07-27 02:25:21,577] {local_task_job.py:149} INFO - Task exited with return code 0
