[2024-07-27 02:16:18,442] {taskinstance.py:896} INFO - Dependencies all met for <TaskInstance: grillos_operations.create_schemas 2024-07-27T02:16:16.851974+00:00 [queued]>
[2024-07-27 02:16:18,466] {taskinstance.py:896} INFO - Dependencies all met for <TaskInstance: grillos_operations.create_schemas 2024-07-27T02:16:16.851974+00:00 [queued]>
[2024-07-27 02:16:18,467] {taskinstance.py:1087} INFO - 
--------------------------------------------------------------------------------
[2024-07-27 02:16:18,468] {taskinstance.py:1088} INFO - Starting attempt 1 of 4
[2024-07-27 02:16:18,469] {taskinstance.py:1089} INFO - 
--------------------------------------------------------------------------------
[2024-07-27 02:16:18,507] {taskinstance.py:1107} INFO - Executing <Task(PostgresOperator): create_schemas> on 2024-07-27T02:16:16.851974+00:00
[2024-07-27 02:16:18,511] {standard_task_runner.py:52} INFO - Started process 506 to run task
[2024-07-27 02:16:18,515] {standard_task_runner.py:76} INFO - Running: ['airflow', 'tasks', 'run', 'grillos_operations', 'create_schemas', '2024-07-27T02:16:16.851974+00:00', '--job-id', '55', '--pool', 'default_pool', '--raw', '--subdir', 'DAGS_FOLDER/dag1.py', '--cfg-path', '/tmp/tmpd7dyux_j', '--error-file', '/tmp/tmptkbq99g6']
[2024-07-27 02:16:18,522] {standard_task_runner.py:77} INFO - Job 55: Subtask create_schemas
[2024-07-27 02:16:18,581] {logging_mixin.py:104} INFO - Running <TaskInstance: grillos_operations.create_schemas 2024-07-27T02:16:16.851974+00:00 [running]> on host af0979500140
[2024-07-27 02:16:18,660] {taskinstance.py:1302} INFO - Exporting the following env vars:
AIRFLOW_CTX_DAG_OWNER=airflow
AIRFLOW_CTX_DAG_ID=grillos_operations
AIRFLOW_CTX_TASK_ID=create_schemas
AIRFLOW_CTX_EXECUTION_DATE=2024-07-27T02:16:16.851974+00:00
AIRFLOW_CTX_DAG_RUN_ID=manual__2024-07-27T02:16:16.851974+00:00
[2024-07-27 02:16:18,661] {postgres.py:68} INFO - Executing: 
    BEGIN;
    CREATE SCHEMA IF NOT EXISTS bronze;
    CREATE SCHEMA IF NOT EXISTS silver;
    CREATE SCHEMA IF NOT EXISTS gold;
    COMMIT;
    
[2024-07-27 02:16:18,672] {base.py:78} INFO - Using connection to: id: ***_grillos. Host: ***_warehouse, Port: 5432, Schema: warehouse, Login: ***, Password: ***, extra: {}
[2024-07-27 02:16:18,681] {dbapi.py:204} INFO - Running statement: 
    BEGIN;
    CREATE SCHEMA IF NOT EXISTS bronze;
    CREATE SCHEMA IF NOT EXISTS silver;
    CREATE SCHEMA IF NOT EXISTS gold;
    COMMIT;
    , parameters: None
[2024-07-27 02:16:18,682] {postgres.py:72} INFO - WARNING:  there is already a transaction in progress

[2024-07-27 02:16:18,683] {postgres.py:72} INFO - NOTICE:  schema "bronze" already exists, skipping

[2024-07-27 02:16:18,684] {postgres.py:72} INFO - NOTICE:  schema "silver" already exists, skipping

[2024-07-27 02:16:18,685] {postgres.py:72} INFO - NOTICE:  schema "gold" already exists, skipping

[2024-07-27 02:16:18,686] {postgres.py:72} INFO - WARNING:  there is no transaction in progress

[2024-07-27 02:16:18,702] {taskinstance.py:1211} INFO - Marking task as SUCCESS. dag_id=grillos_operations, task_id=create_schemas, execution_date=20240727T021616, start_date=20240727T021618, end_date=20240727T021618
[2024-07-27 02:16:18,745] {taskinstance.py:1265} INFO - 1 downstream tasks scheduled from follow-on schedule check
[2024-07-27 02:16:18,768] {local_task_job.py:149} INFO - Task exited with return code 0
