[2024-07-27 02:55:29,498] {taskinstance.py:896} INFO - Dependencies all met for <TaskInstance: grillos_operations.copy_data 2024-07-27T02:55:24.555452+00:00 [queued]>
[2024-07-27 02:55:29,514] {taskinstance.py:896} INFO - Dependencies all met for <TaskInstance: grillos_operations.copy_data 2024-07-27T02:55:24.555452+00:00 [queued]>
[2024-07-27 02:55:29,515] {taskinstance.py:1087} INFO - 
--------------------------------------------------------------------------------
[2024-07-27 02:55:29,515] {taskinstance.py:1088} INFO - Starting attempt 1 of 4
[2024-07-27 02:55:29,516] {taskinstance.py:1089} INFO - 
--------------------------------------------------------------------------------
[2024-07-27 02:55:29,537] {taskinstance.py:1107} INFO - Executing <Task(PostgresOperator): copy_data> on 2024-07-27T02:55:24.555452+00:00
[2024-07-27 02:55:29,540] {standard_task_runner.py:52} INFO - Started process 1001 to run task
[2024-07-27 02:55:29,545] {standard_task_runner.py:76} INFO - Running: ['airflow', 'tasks', 'run', 'grillos_operations', 'copy_data', '2024-07-27T02:55:24.555452+00:00', '--job-id', '104', '--pool', 'default_pool', '--raw', '--subdir', 'DAGS_FOLDER/dag1.py', '--cfg-path', '/tmp/tmp0rbd91jb', '--error-file', '/tmp/tmppa9o_jo8']
[2024-07-27 02:55:29,548] {standard_task_runner.py:77} INFO - Job 104: Subtask copy_data
[2024-07-27 02:55:29,608] {logging_mixin.py:104} INFO - Running <TaskInstance: grillos_operations.copy_data 2024-07-27T02:55:24.555452+00:00 [running]> on host af0979500140
[2024-07-27 02:55:29,679] {taskinstance.py:1302} INFO - Exporting the following env vars:
AIRFLOW_CTX_DAG_OWNER=airflow
AIRFLOW_CTX_DAG_ID=grillos_operations
AIRFLOW_CTX_TASK_ID=copy_data
AIRFLOW_CTX_EXECUTION_DATE=2024-07-27T02:55:24.555452+00:00
AIRFLOW_CTX_DAG_RUN_ID=manual__2024-07-27T02:55:24.555452+00:00
[2024-07-27 02:55:29,680] {postgres.py:68} INFO - Executing: 
    BEGIN;
    CREATE TEMP TABLE tmp_grillos AS TABLE bronze.raw_grillos WITH NO DATA;
    
    COPY tmp_grillos (id, counter, fecha_registro, fecha_nacimiento, tipo, volumen)
    FROM '/import/data_grillos.csv'
    DELIMITER ','
    CSV HEADER;

    INSERT INTO bronze.raw_grillos (id, counter, fecha_registro, fecha_nacimiento, tipo, volumen)
    SELECT id, counter, fecha_registro, fecha_nacimiento, tipo, volumen
    FROM tmp_grillos
    ON CONFLICT (id) DO NOTHING;

    DROP TABLE tmp_grillos;
    COMMIT;
    
[2024-07-27 02:55:29,693] {base.py:78} INFO - Using connection to: id: ***_grillos. Host: ***_warehouse, Port: 5432, Schema: warehouse, Login: ***, Password: ***, extra: {}
[2024-07-27 02:55:29,700] {dbapi.py:204} INFO - Running statement: 
    BEGIN;
    CREATE TEMP TABLE tmp_grillos AS TABLE bronze.raw_grillos WITH NO DATA;
    
    COPY tmp_grillos (id, counter, fecha_registro, fecha_nacimiento, tipo, volumen)
    FROM '/import/data_grillos.csv'
    DELIMITER ','
    CSV HEADER;

    INSERT INTO bronze.raw_grillos (id, counter, fecha_registro, fecha_nacimiento, tipo, volumen)
    SELECT id, counter, fecha_registro, fecha_nacimiento, tipo, volumen
    FROM tmp_grillos
    ON CONFLICT (id) DO NOTHING;

    DROP TABLE tmp_grillos;
    COMMIT;
    , parameters: None
[2024-07-27 02:55:29,765] {postgres.py:72} INFO - WARNING:  there is already a transaction in progress

[2024-07-27 02:55:29,766] {postgres.py:72} INFO - WARNING:  there is no transaction in progress

[2024-07-27 02:55:29,783] {taskinstance.py:1211} INFO - Marking task as SUCCESS. dag_id=grillos_operations, task_id=copy_data, execution_date=20240727T025524, start_date=20240727T025529, end_date=20240727T025529
[2024-07-27 02:55:29,832] {taskinstance.py:1265} INFO - 1 downstream tasks scheduled from follow-on schedule check
[2024-07-27 02:55:29,877] {local_task_job.py:149} INFO - Task exited with return code 0
