[2024-07-27 01:25:20,942] {taskinstance.py:896} INFO - Dependencies all met for <TaskInstance: grillos_operations.create_schemas 2024-07-27T01:25:19.563884+00:00 [queued]>
[2024-07-27 01:25:20,985] {taskinstance.py:896} INFO - Dependencies all met for <TaskInstance: grillos_operations.create_schemas 2024-07-27T01:25:19.563884+00:00 [queued]>
[2024-07-27 01:25:20,987] {taskinstance.py:1087} INFO - 
--------------------------------------------------------------------------------
[2024-07-27 01:25:20,989] {taskinstance.py:1088} INFO - Starting attempt 1 of 4
[2024-07-27 01:25:20,990] {taskinstance.py:1089} INFO - 
--------------------------------------------------------------------------------
[2024-07-27 01:25:21,023] {taskinstance.py:1107} INFO - Executing <Task(PostgresOperator): create_schemas> on 2024-07-27T01:25:19.563884+00:00
[2024-07-27 01:25:21,031] {standard_task_runner.py:52} INFO - Started process 219 to run task
[2024-07-27 01:25:21,039] {standard_task_runner.py:76} INFO - Running: ['airflow', 'tasks', 'run', 'grillos_operations', 'create_schemas', '2024-07-27T01:25:19.563884+00:00', '--job-id', '17', '--pool', 'default_pool', '--raw', '--subdir', 'DAGS_FOLDER/dag1.py', '--cfg-path', '/tmp/tmpc3lo_6lv', '--error-file', '/tmp/tmpbmsftr0u']
[2024-07-27 01:25:21,044] {standard_task_runner.py:77} INFO - Job 17: Subtask create_schemas
[2024-07-27 01:25:21,152] {logging_mixin.py:104} INFO - Running <TaskInstance: grillos_operations.create_schemas 2024-07-27T01:25:19.563884+00:00 [running]> on host 3c41c82aeeaa
[2024-07-27 01:25:21,294] {taskinstance.py:1302} INFO - Exporting the following env vars:
AIRFLOW_CTX_DAG_OWNER=airflow
AIRFLOW_CTX_DAG_ID=grillos_operations
AIRFLOW_CTX_TASK_ID=create_schemas
AIRFLOW_CTX_EXECUTION_DATE=2024-07-27T01:25:19.563884+00:00
AIRFLOW_CTX_DAG_RUN_ID=manual__2024-07-27T01:25:19.563884+00:00
[2024-07-27 01:25:21,298] {postgres.py:68} INFO - Executing: 
    BEGIN;
    CREATE SCHEMA IF NOT EXISTS bronze;
    CREATE SCHEMA IF NOT EXISTS silver;
    CREATE SCHEMA IF NOT EXISTS gold;
    COMMIT;
    
[2024-07-27 01:25:21,320] {base.py:78} INFO - Using connection to: id: ***_grillos. Host: ***_warehouse, Port: 5432, Schema: warehouse, Login: ***, Password: ***, extra: {}
[2024-07-27 01:25:21,331] {dbapi.py:204} INFO - Running statement: 
    BEGIN;
    CREATE SCHEMA IF NOT EXISTS bronze;
    CREATE SCHEMA IF NOT EXISTS silver;
    CREATE SCHEMA IF NOT EXISTS gold;
    COMMIT;
    , parameters: None
[2024-07-27 01:25:21,335] {postgres.py:72} INFO - WARNING:  there is already a transaction in progress

[2024-07-27 01:25:21,338] {postgres.py:72} INFO - NOTICE:  schema "bronze" already exists, skipping

[2024-07-27 01:25:21,340] {postgres.py:72} INFO - NOTICE:  schema "silver" already exists, skipping

[2024-07-27 01:25:21,342] {postgres.py:72} INFO - NOTICE:  schema "gold" already exists, skipping

[2024-07-27 01:25:21,345] {postgres.py:72} INFO - WARNING:  there is no transaction in progress

[2024-07-27 01:25:21,410] {taskinstance.py:1211} INFO - Marking task as SUCCESS. dag_id=grillos_operations, task_id=create_schemas, execution_date=20240727T012519, start_date=20240727T012520, end_date=20240727T012521
[2024-07-27 01:25:21,494] {taskinstance.py:1265} INFO - 1 downstream tasks scheduled from follow-on schedule check
[2024-07-27 01:25:21,531] {local_task_job.py:149} INFO - Task exited with return code 0
