[2024-07-27 02:55:26,342] {taskinstance.py:896} INFO - Dependencies all met for <TaskInstance: grillos_operations.create_schemas 2024-07-27T02:55:24.555452+00:00 [queued]>
[2024-07-27 02:55:26,359] {taskinstance.py:896} INFO - Dependencies all met for <TaskInstance: grillos_operations.create_schemas 2024-07-27T02:55:24.555452+00:00 [queued]>
[2024-07-27 02:55:26,360] {taskinstance.py:1087} INFO - 
--------------------------------------------------------------------------------
[2024-07-27 02:55:26,360] {taskinstance.py:1088} INFO - Starting attempt 1 of 4
[2024-07-27 02:55:26,361] {taskinstance.py:1089} INFO - 
--------------------------------------------------------------------------------
[2024-07-27 02:55:26,378] {taskinstance.py:1107} INFO - Executing <Task(PostgresOperator): create_schemas> on 2024-07-27T02:55:24.555452+00:00
[2024-07-27 02:55:26,384] {standard_task_runner.py:52} INFO - Started process 990 to run task
[2024-07-27 02:55:26,387] {standard_task_runner.py:76} INFO - Running: ['airflow', 'tasks', 'run', 'grillos_operations', 'create_schemas', '2024-07-27T02:55:24.555452+00:00', '--job-id', '101', '--pool', 'default_pool', '--raw', '--subdir', 'DAGS_FOLDER/dag1.py', '--cfg-path', '/tmp/tmpvxx75kxy', '--error-file', '/tmp/tmp37lg9caw']
[2024-07-27 02:55:26,392] {standard_task_runner.py:77} INFO - Job 101: Subtask create_schemas
[2024-07-27 02:55:26,452] {logging_mixin.py:104} INFO - Running <TaskInstance: grillos_operations.create_schemas 2024-07-27T02:55:24.555452+00:00 [running]> on host af0979500140
[2024-07-27 02:55:26,530] {taskinstance.py:1302} INFO - Exporting the following env vars:
AIRFLOW_CTX_DAG_OWNER=airflow
AIRFLOW_CTX_DAG_ID=grillos_operations
AIRFLOW_CTX_TASK_ID=create_schemas
AIRFLOW_CTX_EXECUTION_DATE=2024-07-27T02:55:24.555452+00:00
AIRFLOW_CTX_DAG_RUN_ID=manual__2024-07-27T02:55:24.555452+00:00
[2024-07-27 02:55:26,531] {postgres.py:68} INFO - Executing: 
    BEGIN;
    CREATE SCHEMA IF NOT EXISTS bronze;
    CREATE SCHEMA IF NOT EXISTS silver;
    CREATE SCHEMA IF NOT EXISTS gold;
    COMMIT;
    
[2024-07-27 02:55:26,541] {base.py:78} INFO - Using connection to: id: ***_grillos. Host: ***_warehouse, Port: 5432, Schema: warehouse, Login: ***, Password: ***, extra: {}
[2024-07-27 02:55:26,546] {dbapi.py:204} INFO - Running statement: 
    BEGIN;
    CREATE SCHEMA IF NOT EXISTS bronze;
    CREATE SCHEMA IF NOT EXISTS silver;
    CREATE SCHEMA IF NOT EXISTS gold;
    COMMIT;
    , parameters: None
[2024-07-27 02:55:26,549] {postgres.py:72} INFO - WARNING:  there is already a transaction in progress

[2024-07-27 02:55:26,550] {postgres.py:72} INFO - NOTICE:  schema "bronze" already exists, skipping

[2024-07-27 02:55:26,551] {postgres.py:72} INFO - NOTICE:  schema "silver" already exists, skipping

[2024-07-27 02:55:26,551] {postgres.py:72} INFO - NOTICE:  schema "gold" already exists, skipping

[2024-07-27 02:55:26,551] {postgres.py:72} INFO - WARNING:  there is no transaction in progress

[2024-07-27 02:55:26,564] {taskinstance.py:1211} INFO - Marking task as SUCCESS. dag_id=grillos_operations, task_id=create_schemas, execution_date=20240727T025524, start_date=20240727T025526, end_date=20240727T025526
[2024-07-27 02:55:26,603] {taskinstance.py:1265} INFO - 1 downstream tasks scheduled from follow-on schedule check
[2024-07-27 02:55:26,639] {local_task_job.py:149} INFO - Task exited with return code 0
