[2024-07-27 02:16:19,641] {taskinstance.py:896} INFO - Dependencies all met for <TaskInstance: grillos_operations.create_tables 2024-07-27T02:16:16.851974+00:00 [queued]>
[2024-07-27 02:16:19,658] {taskinstance.py:896} INFO - Dependencies all met for <TaskInstance: grillos_operations.create_tables 2024-07-27T02:16:16.851974+00:00 [queued]>
[2024-07-27 02:16:19,658] {taskinstance.py:1087} INFO - 
--------------------------------------------------------------------------------
[2024-07-27 02:16:19,659] {taskinstance.py:1088} INFO - Starting attempt 1 of 4
[2024-07-27 02:16:19,660] {taskinstance.py:1089} INFO - 
--------------------------------------------------------------------------------
[2024-07-27 02:16:19,680] {taskinstance.py:1107} INFO - Executing <Task(PostgresOperator): create_tables> on 2024-07-27T02:16:16.851974+00:00
[2024-07-27 02:16:19,684] {standard_task_runner.py:52} INFO - Started process 513 to run task
[2024-07-27 02:16:19,689] {standard_task_runner.py:76} INFO - Running: ['airflow', 'tasks', 'run', 'grillos_operations', 'create_tables', '2024-07-27T02:16:16.851974+00:00', '--job-id', '57', '--pool', 'default_pool', '--raw', '--subdir', 'DAGS_FOLDER/dag1.py', '--cfg-path', '/tmp/tmpyomgk3xu', '--error-file', '/tmp/tmprnzgbwit']
[2024-07-27 02:16:19,693] {standard_task_runner.py:77} INFO - Job 57: Subtask create_tables
[2024-07-27 02:16:19,755] {logging_mixin.py:104} INFO - Running <TaskInstance: grillos_operations.create_tables 2024-07-27T02:16:16.851974+00:00 [running]> on host af0979500140
[2024-07-27 02:16:19,830] {taskinstance.py:1302} INFO - Exporting the following env vars:
AIRFLOW_CTX_DAG_OWNER=airflow
AIRFLOW_CTX_DAG_ID=grillos_operations
AIRFLOW_CTX_TASK_ID=create_tables
AIRFLOW_CTX_EXECUTION_DATE=2024-07-27T02:16:16.851974+00:00
AIRFLOW_CTX_DAG_RUN_ID=manual__2024-07-27T02:16:16.851974+00:00
[2024-07-27 02:16:19,831] {postgres.py:68} INFO - Executing: 
    BEGIN;
    CREATE TABLE IF NOT EXISTS bronze.raw_grillos (
        id VARCHAR PRIMARY KEY,
        counter INTEGER,
        fecha_registro DATE,
        fecha_nacimiento DATE,
        tipo CHAR(1),
        volumen FLOAT
    );
    COMMIT;
    
[2024-07-27 02:16:19,843] {base.py:78} INFO - Using connection to: id: ***_grillos. Host: ***_warehouse, Port: 5432, Schema: warehouse, Login: ***, Password: ***, extra: {}
[2024-07-27 02:16:19,848] {dbapi.py:204} INFO - Running statement: 
    BEGIN;
    CREATE TABLE IF NOT EXISTS bronze.raw_grillos (
        id VARCHAR PRIMARY KEY,
        counter INTEGER,
        fecha_registro DATE,
        fecha_nacimiento DATE,
        tipo CHAR(1),
        volumen FLOAT
    );
    COMMIT;
    , parameters: None
[2024-07-27 02:16:19,851] {postgres.py:72} INFO - WARNING:  there is already a transaction in progress

[2024-07-27 02:16:19,852] {postgres.py:72} INFO - NOTICE:  relation "raw_grillos" already exists, skipping

[2024-07-27 02:16:19,855] {postgres.py:72} INFO - WARNING:  there is no transaction in progress

[2024-07-27 02:16:19,874] {taskinstance.py:1211} INFO - Marking task as SUCCESS. dag_id=grillos_operations, task_id=create_tables, execution_date=20240727T021616, start_date=20240727T021619, end_date=20240727T021619
[2024-07-27 02:16:19,914] {taskinstance.py:1265} INFO - 1 downstream tasks scheduled from follow-on schedule check
[2024-07-27 02:16:19,941] {local_task_job.py:149} INFO - Task exited with return code 0
