[2024-07-27 01:23:31,250] {taskinstance.py:896} INFO - Dependencies all met for <TaskInstance: grillos_operations.create_tables 2024-07-27T01:23:28.685356+00:00 [queued]>
[2024-07-27 01:23:31,312] {taskinstance.py:896} INFO - Dependencies all met for <TaskInstance: grillos_operations.create_tables 2024-07-27T01:23:28.685356+00:00 [queued]>
[2024-07-27 01:23:31,315] {taskinstance.py:1087} INFO - 
--------------------------------------------------------------------------------
[2024-07-27 01:23:31,316] {taskinstance.py:1088} INFO - Starting attempt 1 of 4
[2024-07-27 01:23:31,318] {taskinstance.py:1089} INFO - 
--------------------------------------------------------------------------------
[2024-07-27 01:23:31,348] {taskinstance.py:1107} INFO - Executing <Task(PostgresOperator): create_tables> on 2024-07-27T01:23:28.685356+00:00
[2024-07-27 01:23:31,360] {standard_task_runner.py:52} INFO - Started process 191 to run task
[2024-07-27 01:23:31,380] {standard_task_runner.py:76} INFO - Running: ['airflow', 'tasks', 'run', 'grillos_operations', 'create_tables', '2024-07-27T01:23:28.685356+00:00', '--job-id', '13', '--pool', 'default_pool', '--raw', '--subdir', 'DAGS_FOLDER/dag1.py', '--cfg-path', '/tmp/tmp_4mcx6z3', '--error-file', '/tmp/tmp39nrn85r']
[2024-07-27 01:23:31,405] {standard_task_runner.py:77} INFO - Job 13: Subtask create_tables
[2024-07-27 01:23:31,555] {logging_mixin.py:104} INFO - Running <TaskInstance: grillos_operations.create_tables 2024-07-27T01:23:28.685356+00:00 [running]> on host 3c41c82aeeaa
[2024-07-27 01:23:31,821] {taskinstance.py:1302} INFO - Exporting the following env vars:
AIRFLOW_CTX_DAG_OWNER=airflow
AIRFLOW_CTX_DAG_ID=grillos_operations
AIRFLOW_CTX_TASK_ID=create_tables
AIRFLOW_CTX_EXECUTION_DATE=2024-07-27T01:23:28.685356+00:00
AIRFLOW_CTX_DAG_RUN_ID=manual__2024-07-27T01:23:28.685356+00:00
[2024-07-27 01:23:31,826] {postgres.py:68} INFO - Executing: 
    BEGIN;
    CREATE TABLE IF NOT EXISTS bronze.raw_grillos (
        id VARCHAR PRIMARY KEY,
        counter INTEGER,
        fecha_registro DATE,
        fecha_nacimiento DATE,
        tipo CHAR(1),
        volumen FLOAT
    );
    COMMIT;
    
[2024-07-27 01:23:31,862] {base.py:78} INFO - Using connection to: id: ***_grillos. Host: ***_warehouse, Port: 5432, Schema: warehouse, Login: ***, Password: ***, extra: {}
[2024-07-27 01:23:31,886] {dbapi.py:204} INFO - Running statement: 
    BEGIN;
    CREATE TABLE IF NOT EXISTS bronze.raw_grillos (
        id VARCHAR PRIMARY KEY,
        counter INTEGER,
        fecha_registro DATE,
        fecha_nacimiento DATE,
        tipo CHAR(1),
        volumen FLOAT
    );
    COMMIT;
    , parameters: None
[2024-07-27 01:23:31,901] {postgres.py:72} INFO - WARNING:  there is already a transaction in progress

[2024-07-27 01:23:31,927] {postgres.py:72} INFO - NOTICE:  relation "raw_grillos" already exists, skipping

[2024-07-27 01:23:31,940] {postgres.py:72} INFO - WARNING:  there is no transaction in progress

[2024-07-27 01:23:32,016] {taskinstance.py:1211} INFO - Marking task as SUCCESS. dag_id=grillos_operations, task_id=create_tables, execution_date=20240727T012328, start_date=20240727T012331, end_date=20240727T012332
[2024-07-27 01:23:32,127] {taskinstance.py:1265} INFO - 1 downstream tasks scheduled from follow-on schedule check
[2024-07-27 01:23:32,171] {local_task_job.py:149} INFO - Task exited with return code 0
