[2024-07-26 22:37:13,247] {scheduler_job.py:181} INFO - Started process (PID=163) to work on /opt/airflow/dags/dag1.py
[2024-07-26 22:37:13,249] {scheduler_job.py:632} INFO - Processing file /opt/airflow/dags/dag1.py for tasks to queue
[2024-07-26 22:37:13,250] {logging_mixin.py:104} INFO - [2024-07-26 22:37:13,250] {dagbag.py:496} INFO - Filling up the DagBag from /opt/airflow/dags/dag1.py
[2024-07-26 22:37:13,392] {scheduler_job.py:642} INFO - DAG(s) dict_keys(['grillos_operations']) retrieved from /opt/airflow/dags/dag1.py
[2024-07-26 22:37:27,238] {logging_mixin.py:104} INFO - [2024-07-26 22:37:27,236] {dag.py:1833} INFO - Sync 1 DAGs
[2024-07-26 22:37:27,258] {logging_mixin.py:104} INFO - [2024-07-26 22:37:27,257] {dag.py:1852} INFO - Creating ORM DAG for grillos_operations
[2024-07-26 22:37:27,268] {logging_mixin.py:104} INFO - [2024-07-26 22:37:27,268] {dag.py:2306} INFO - Setting next_dagrun for grillos_operations to 2024-07-26T00:00:00+00:00
[2024-07-26 22:37:27,296] {scheduler_job.py:189} INFO - Processing /opt/airflow/dags/dag1.py took 14.054 seconds
[2024-07-26 22:37:57,605] {scheduler_job.py:181} INFO - Started process (PID=172) to work on /opt/airflow/dags/dag1.py
[2024-07-26 22:37:57,609] {scheduler_job.py:632} INFO - Processing file /opt/airflow/dags/dag1.py for tasks to queue
[2024-07-26 22:37:57,611] {logging_mixin.py:104} INFO - [2024-07-26 22:37:57,611] {dagbag.py:496} INFO - Filling up the DagBag from /opt/airflow/dags/dag1.py
[2024-07-26 22:37:57,723] {scheduler_job.py:642} INFO - DAG(s) dict_keys(['grillos_operations']) retrieved from /opt/airflow/dags/dag1.py
[2024-07-26 22:37:57,768] {logging_mixin.py:104} INFO - [2024-07-26 22:37:57,768] {dag.py:1833} INFO - Sync 1 DAGs
[2024-07-26 22:37:57,801] {logging_mixin.py:104} INFO - [2024-07-26 22:37:57,800] {dag.py:2306} INFO - Setting next_dagrun for grillos_operations to 2024-07-26T00:00:00+00:00
[2024-07-26 22:37:57,823] {scheduler_job.py:189} INFO - Processing /opt/airflow/dags/dag1.py took 0.224 seconds
[2024-07-26 22:38:28,141] {scheduler_job.py:181} INFO - Started process (PID=177) to work on /opt/airflow/dags/dag1.py
[2024-07-26 22:38:28,143] {scheduler_job.py:632} INFO - Processing file /opt/airflow/dags/dag1.py for tasks to queue
[2024-07-26 22:38:28,143] {logging_mixin.py:104} INFO - [2024-07-26 22:38:28,143] {dagbag.py:496} INFO - Filling up the DagBag from /opt/airflow/dags/dag1.py
[2024-07-26 22:38:28,193] {scheduler_job.py:642} INFO - DAG(s) dict_keys(['grillos_operations']) retrieved from /opt/airflow/dags/dag1.py
[2024-07-26 22:38:28,232] {logging_mixin.py:104} INFO - [2024-07-26 22:38:28,232] {dag.py:1833} INFO - Sync 1 DAGs
[2024-07-26 22:38:28,251] {logging_mixin.py:104} INFO - [2024-07-26 22:38:28,251] {dag.py:2306} INFO - Setting next_dagrun for grillos_operations to 2024-07-26T00:00:00+00:00
[2024-07-26 22:38:28,279] {scheduler_job.py:189} INFO - Processing /opt/airflow/dags/dag1.py took 0.140 seconds
[2024-07-26 22:38:59,013] {scheduler_job.py:181} INFO - Started process (PID=182) to work on /opt/airflow/dags/dag1.py
[2024-07-26 22:38:59,016] {scheduler_job.py:632} INFO - Processing file /opt/airflow/dags/dag1.py for tasks to queue
[2024-07-26 22:38:59,018] {logging_mixin.py:104} INFO - [2024-07-26 22:38:59,018] {dagbag.py:496} INFO - Filling up the DagBag from /opt/airflow/dags/dag1.py
[2024-07-26 22:38:59,132] {scheduler_job.py:642} INFO - DAG(s) dict_keys(['grillos_operations']) retrieved from /opt/airflow/dags/dag1.py
[2024-07-26 22:38:59,160] {logging_mixin.py:104} INFO - [2024-07-26 22:38:59,160] {dag.py:1833} INFO - Sync 1 DAGs
[2024-07-26 22:38:59,181] {logging_mixin.py:104} INFO - [2024-07-26 22:38:59,181] {dag.py:2306} INFO - Setting next_dagrun for grillos_operations to 2024-07-26T00:00:00+00:00
[2024-07-26 22:38:59,219] {scheduler_job.py:189} INFO - Processing /opt/airflow/dags/dag1.py took 0.214 seconds
[2024-07-26 22:39:29,427] {scheduler_job.py:181} INFO - Started process (PID=189) to work on /opt/airflow/dags/dag1.py
[2024-07-26 22:39:29,430] {scheduler_job.py:632} INFO - Processing file /opt/airflow/dags/dag1.py for tasks to queue
[2024-07-26 22:39:29,432] {logging_mixin.py:104} INFO - [2024-07-26 22:39:29,432] {dagbag.py:496} INFO - Filling up the DagBag from /opt/airflow/dags/dag1.py
[2024-07-26 22:39:29,480] {scheduler_job.py:642} INFO - DAG(s) dict_keys(['grillos_operations']) retrieved from /opt/airflow/dags/dag1.py
[2024-07-26 22:39:29,507] {logging_mixin.py:104} INFO - [2024-07-26 22:39:29,507] {dag.py:1833} INFO - Sync 1 DAGs
[2024-07-26 22:39:29,528] {logging_mixin.py:104} INFO - [2024-07-26 22:39:29,528] {dag.py:2306} INFO - Setting next_dagrun for grillos_operations to 2024-07-26T00:00:00+00:00
[2024-07-26 22:39:29,544] {scheduler_job.py:189} INFO - Processing /opt/airflow/dags/dag1.py took 0.119 seconds
[2024-07-26 22:39:59,745] {scheduler_job.py:181} INFO - Started process (PID=194) to work on /opt/airflow/dags/dag1.py
[2024-07-26 22:39:59,749] {scheduler_job.py:632} INFO - Processing file /opt/airflow/dags/dag1.py for tasks to queue
[2024-07-26 22:39:59,751] {logging_mixin.py:104} INFO - [2024-07-26 22:39:59,751] {dagbag.py:496} INFO - Filling up the DagBag from /opt/airflow/dags/dag1.py
[2024-07-26 22:39:59,877] {scheduler_job.py:642} INFO - DAG(s) dict_keys(['grillos_operations']) retrieved from /opt/airflow/dags/dag1.py
[2024-07-26 22:39:59,941] {logging_mixin.py:104} INFO - [2024-07-26 22:39:59,941] {dag.py:1833} INFO - Sync 1 DAGs
[2024-07-26 22:39:59,990] {logging_mixin.py:104} INFO - [2024-07-26 22:39:59,990] {dag.py:2306} INFO - Setting next_dagrun for grillos_operations to 2024-07-26T00:00:00+00:00
[2024-07-26 22:40:00,082] {scheduler_job.py:189} INFO - Processing /opt/airflow/dags/dag1.py took 0.344 seconds
[2024-07-26 22:40:30,329] {scheduler_job.py:181} INFO - Started process (PID=203) to work on /opt/airflow/dags/dag1.py
[2024-07-26 22:40:30,330] {scheduler_job.py:632} INFO - Processing file /opt/airflow/dags/dag1.py for tasks to queue
[2024-07-26 22:40:30,331] {logging_mixin.py:104} INFO - [2024-07-26 22:40:30,331] {dagbag.py:496} INFO - Filling up the DagBag from /opt/airflow/dags/dag1.py
[2024-07-26 22:40:30,387] {scheduler_job.py:642} INFO - DAG(s) dict_keys(['grillos_operations']) retrieved from /opt/airflow/dags/dag1.py
[2024-07-26 22:40:30,432] {logging_mixin.py:104} INFO - [2024-07-26 22:40:30,431] {dag.py:1833} INFO - Sync 1 DAGs
[2024-07-26 22:40:30,450] {logging_mixin.py:104} INFO - [2024-07-26 22:40:30,449] {dag.py:2306} INFO - Setting next_dagrun for grillos_operations to 2024-07-26T00:00:00+00:00
[2024-07-26 22:40:30,462] {scheduler_job.py:189} INFO - Processing /opt/airflow/dags/dag1.py took 0.137 seconds
[2024-07-26 22:41:00,655] {scheduler_job.py:181} INFO - Started process (PID=208) to work on /opt/airflow/dags/dag1.py
[2024-07-26 22:41:00,659] {scheduler_job.py:632} INFO - Processing file /opt/airflow/dags/dag1.py for tasks to queue
[2024-07-26 22:41:00,662] {logging_mixin.py:104} INFO - [2024-07-26 22:41:00,662] {dagbag.py:496} INFO - Filling up the DagBag from /opt/airflow/dags/dag1.py
[2024-07-26 22:41:00,752] {scheduler_job.py:642} INFO - DAG(s) dict_keys(['grillos_operations']) retrieved from /opt/airflow/dags/dag1.py
[2024-07-26 22:41:00,790] {logging_mixin.py:104} INFO - [2024-07-26 22:41:00,790] {dag.py:1833} INFO - Sync 1 DAGs
[2024-07-26 22:41:00,826] {logging_mixin.py:104} INFO - [2024-07-26 22:41:00,826] {dag.py:2306} INFO - Setting next_dagrun for grillos_operations to 2024-07-26T00:00:00+00:00
[2024-07-26 22:41:00,866] {scheduler_job.py:189} INFO - Processing /opt/airflow/dags/dag1.py took 0.217 seconds
[2024-07-26 22:41:31,200] {scheduler_job.py:181} INFO - Started process (PID=213) to work on /opt/airflow/dags/dag1.py
[2024-07-26 22:41:31,203] {scheduler_job.py:632} INFO - Processing file /opt/airflow/dags/dag1.py for tasks to queue
[2024-07-26 22:41:31,205] {logging_mixin.py:104} INFO - [2024-07-26 22:41:31,205] {dagbag.py:496} INFO - Filling up the DagBag from /opt/airflow/dags/dag1.py
[2024-07-26 22:41:31,325] {scheduler_job.py:642} INFO - DAG(s) dict_keys(['grillos_operations']) retrieved from /opt/airflow/dags/dag1.py
[2024-07-26 22:41:31,351] {logging_mixin.py:104} INFO - [2024-07-26 22:41:31,351] {dag.py:1833} INFO - Sync 1 DAGs
[2024-07-26 22:41:31,368] {logging_mixin.py:104} INFO - [2024-07-26 22:41:31,368] {dag.py:2306} INFO - Setting next_dagrun for grillos_operations to 2024-07-26T00:00:00+00:00
[2024-07-26 22:41:31,395] {scheduler_job.py:189} INFO - Processing /opt/airflow/dags/dag1.py took 0.200 seconds
[2024-07-26 22:42:01,469] {scheduler_job.py:181} INFO - Started process (PID=218) to work on /opt/airflow/dags/dag1.py
[2024-07-26 22:42:01,472] {scheduler_job.py:632} INFO - Processing file /opt/airflow/dags/dag1.py for tasks to queue
[2024-07-26 22:42:01,474] {logging_mixin.py:104} INFO - [2024-07-26 22:42:01,474] {dagbag.py:496} INFO - Filling up the DagBag from /opt/airflow/dags/dag1.py
[2024-07-26 22:42:01,580] {scheduler_job.py:642} INFO - DAG(s) dict_keys(['grillos_operations']) retrieved from /opt/airflow/dags/dag1.py
[2024-07-26 22:42:01,632] {logging_mixin.py:104} INFO - [2024-07-26 22:42:01,632] {dag.py:1833} INFO - Sync 1 DAGs
[2024-07-26 22:42:01,673] {logging_mixin.py:104} INFO - [2024-07-26 22:42:01,672] {dag.py:2306} INFO - Setting next_dagrun for grillos_operations to 2024-07-26T00:00:00+00:00
[2024-07-26 22:42:01,697] {scheduler_job.py:189} INFO - Processing /opt/airflow/dags/dag1.py took 0.234 seconds
[2024-07-26 22:42:32,088] {scheduler_job.py:181} INFO - Started process (PID=223) to work on /opt/airflow/dags/dag1.py
[2024-07-26 22:42:32,092] {scheduler_job.py:632} INFO - Processing file /opt/airflow/dags/dag1.py for tasks to queue
[2024-07-26 22:42:32,095] {logging_mixin.py:104} INFO - [2024-07-26 22:42:32,094] {dagbag.py:496} INFO - Filling up the DagBag from /opt/airflow/dags/dag1.py
[2024-07-26 22:42:32,179] {scheduler_job.py:642} INFO - DAG(s) dict_keys(['grillos_operations']) retrieved from /opt/airflow/dags/dag1.py
[2024-07-26 22:42:32,211] {logging_mixin.py:104} INFO - [2024-07-26 22:42:32,211] {dag.py:1833} INFO - Sync 1 DAGs
[2024-07-26 22:42:32,231] {logging_mixin.py:104} INFO - [2024-07-26 22:42:32,231] {dag.py:2306} INFO - Setting next_dagrun for grillos_operations to 2024-07-26T00:00:00+00:00
[2024-07-26 22:42:32,247] {scheduler_job.py:189} INFO - Processing /opt/airflow/dags/dag1.py took 0.167 seconds
[2024-07-26 22:43:02,369] {scheduler_job.py:181} INFO - Started process (PID=228) to work on /opt/airflow/dags/dag1.py
[2024-07-26 22:43:02,370] {scheduler_job.py:632} INFO - Processing file /opt/airflow/dags/dag1.py for tasks to queue
[2024-07-26 22:43:02,371] {logging_mixin.py:104} INFO - [2024-07-26 22:43:02,371] {dagbag.py:496} INFO - Filling up the DagBag from /opt/airflow/dags/dag1.py
[2024-07-26 22:43:02,408] {scheduler_job.py:642} INFO - DAG(s) dict_keys(['grillos_operations']) retrieved from /opt/airflow/dags/dag1.py
[2024-07-26 22:43:02,429] {logging_mixin.py:104} INFO - [2024-07-26 22:43:02,429] {dag.py:1833} INFO - Sync 1 DAGs
[2024-07-26 22:43:02,446] {logging_mixin.py:104} INFO - [2024-07-26 22:43:02,446] {dag.py:2306} INFO - Setting next_dagrun for grillos_operations to 2024-07-26T00:00:00+00:00
[2024-07-26 22:43:02,474] {scheduler_job.py:189} INFO - Processing /opt/airflow/dags/dag1.py took 0.108 seconds
[2024-07-26 22:43:32,777] {scheduler_job.py:181} INFO - Started process (PID=233) to work on /opt/airflow/dags/dag1.py
[2024-07-26 22:43:32,781] {scheduler_job.py:632} INFO - Processing file /opt/airflow/dags/dag1.py for tasks to queue
[2024-07-26 22:43:32,785] {logging_mixin.py:104} INFO - [2024-07-26 22:43:32,784] {dagbag.py:496} INFO - Filling up the DagBag from /opt/airflow/dags/dag1.py
[2024-07-26 22:43:32,935] {scheduler_job.py:642} INFO - DAG(s) dict_keys(['grillos_operations']) retrieved from /opt/airflow/dags/dag1.py
[2024-07-26 22:43:33,037] {logging_mixin.py:104} INFO - [2024-07-26 22:43:33,037] {dag.py:1833} INFO - Sync 1 DAGs
[2024-07-26 22:43:33,084] {logging_mixin.py:104} INFO - [2024-07-26 22:43:33,083] {dag.py:2306} INFO - Setting next_dagrun for grillos_operations to 2024-07-26T00:00:00+00:00
[2024-07-26 22:43:33,127] {scheduler_job.py:189} INFO - Processing /opt/airflow/dags/dag1.py took 0.361 seconds
[2024-07-26 22:44:03,370] {scheduler_job.py:181} INFO - Started process (PID=238) to work on /opt/airflow/dags/dag1.py
[2024-07-26 22:44:03,372] {scheduler_job.py:632} INFO - Processing file /opt/airflow/dags/dag1.py for tasks to queue
[2024-07-26 22:44:03,374] {logging_mixin.py:104} INFO - [2024-07-26 22:44:03,374] {dagbag.py:496} INFO - Filling up the DagBag from /opt/airflow/dags/dag1.py
[2024-07-26 22:44:03,413] {scheduler_job.py:642} INFO - DAG(s) dict_keys(['grillos_operations']) retrieved from /opt/airflow/dags/dag1.py
[2024-07-26 22:44:03,434] {logging_mixin.py:104} INFO - [2024-07-26 22:44:03,434] {dag.py:1833} INFO - Sync 1 DAGs
[2024-07-26 22:44:03,449] {logging_mixin.py:104} INFO - [2024-07-26 22:44:03,448] {dag.py:2306} INFO - Setting next_dagrun for grillos_operations to 2024-07-26T00:00:00+00:00
[2024-07-26 22:44:03,476] {scheduler_job.py:189} INFO - Processing /opt/airflow/dags/dag1.py took 0.108 seconds
[2024-07-26 22:44:33,761] {scheduler_job.py:181} INFO - Started process (PID=243) to work on /opt/airflow/dags/dag1.py
[2024-07-26 22:44:33,765] {scheduler_job.py:632} INFO - Processing file /opt/airflow/dags/dag1.py for tasks to queue
[2024-07-26 22:44:33,767] {logging_mixin.py:104} INFO - [2024-07-26 22:44:33,766] {dagbag.py:496} INFO - Filling up the DagBag from /opt/airflow/dags/dag1.py
[2024-07-26 22:44:33,872] {scheduler_job.py:642} INFO - DAG(s) dict_keys(['grillos_operations']) retrieved from /opt/airflow/dags/dag1.py
[2024-07-26 22:44:33,923] {logging_mixin.py:104} INFO - [2024-07-26 22:44:33,923] {dag.py:1833} INFO - Sync 1 DAGs
[2024-07-26 22:44:33,958] {logging_mixin.py:104} INFO - [2024-07-26 22:44:33,958] {dag.py:2306} INFO - Setting next_dagrun for grillos_operations to 2024-07-26T00:00:00+00:00
[2024-07-26 22:44:34,042] {scheduler_job.py:189} INFO - Processing /opt/airflow/dags/dag1.py took 0.287 seconds
[2024-07-26 22:45:04,285] {scheduler_job.py:181} INFO - Started process (PID=248) to work on /opt/airflow/dags/dag1.py
[2024-07-26 22:45:04,288] {scheduler_job.py:632} INFO - Processing file /opt/airflow/dags/dag1.py for tasks to queue
[2024-07-26 22:45:04,290] {logging_mixin.py:104} INFO - [2024-07-26 22:45:04,290] {dagbag.py:496} INFO - Filling up the DagBag from /opt/airflow/dags/dag1.py
[2024-07-26 22:45:04,380] {scheduler_job.py:642} INFO - DAG(s) dict_keys(['grillos_operations']) retrieved from /opt/airflow/dags/dag1.py
[2024-07-26 22:45:04,427] {logging_mixin.py:104} INFO - [2024-07-26 22:45:04,427] {dag.py:1833} INFO - Sync 1 DAGs
[2024-07-26 22:45:04,462] {logging_mixin.py:104} INFO - [2024-07-26 22:45:04,462] {dag.py:2306} INFO - Setting next_dagrun for grillos_operations to 2024-07-26T00:00:00+00:00
[2024-07-26 22:45:04,491] {scheduler_job.py:189} INFO - Processing /opt/airflow/dags/dag1.py took 0.213 seconds
[2024-07-26 22:45:34,599] {scheduler_job.py:181} INFO - Started process (PID=257) to work on /opt/airflow/dags/dag1.py
[2024-07-26 22:45:34,603] {scheduler_job.py:632} INFO - Processing file /opt/airflow/dags/dag1.py for tasks to queue
[2024-07-26 22:45:34,607] {logging_mixin.py:104} INFO - [2024-07-26 22:45:34,605] {dagbag.py:496} INFO - Filling up the DagBag from /opt/airflow/dags/dag1.py
[2024-07-26 22:45:34,734] {scheduler_job.py:642} INFO - DAG(s) dict_keys(['grillos_operations']) retrieved from /opt/airflow/dags/dag1.py
[2024-07-26 22:45:34,784] {logging_mixin.py:104} INFO - [2024-07-26 22:45:34,783] {dag.py:1833} INFO - Sync 1 DAGs
[2024-07-26 22:45:34,818] {logging_mixin.py:104} INFO - [2024-07-26 22:45:34,818] {dag.py:2306} INFO - Setting next_dagrun for grillos_operations to 2024-07-26T00:00:00+00:00
[2024-07-26 22:45:34,859] {scheduler_job.py:189} INFO - Processing /opt/airflow/dags/dag1.py took 0.268 seconds
[2024-07-26 22:46:05,111] {scheduler_job.py:181} INFO - Started process (PID=262) to work on /opt/airflow/dags/dag1.py
[2024-07-26 22:46:05,113] {scheduler_job.py:632} INFO - Processing file /opt/airflow/dags/dag1.py for tasks to queue
[2024-07-26 22:46:05,116] {logging_mixin.py:104} INFO - [2024-07-26 22:46:05,115] {dagbag.py:496} INFO - Filling up the DagBag from /opt/airflow/dags/dag1.py
[2024-07-26 22:46:05,224] {scheduler_job.py:642} INFO - DAG(s) dict_keys(['grillos_operations']) retrieved from /opt/airflow/dags/dag1.py
[2024-07-26 22:46:05,284] {logging_mixin.py:104} INFO - [2024-07-26 22:46:05,284] {dag.py:1833} INFO - Sync 1 DAGs
[2024-07-26 22:46:05,317] {logging_mixin.py:104} INFO - [2024-07-26 22:46:05,317] {dag.py:2306} INFO - Setting next_dagrun for grillos_operations to 2024-07-26T00:00:00+00:00
[2024-07-26 22:46:05,366] {scheduler_job.py:189} INFO - Processing /opt/airflow/dags/dag1.py took 0.262 seconds
[2024-07-26 22:46:35,454] {scheduler_job.py:181} INFO - Started process (PID=267) to work on /opt/airflow/dags/dag1.py
[2024-07-26 22:46:35,456] {scheduler_job.py:632} INFO - Processing file /opt/airflow/dags/dag1.py for tasks to queue
[2024-07-26 22:46:35,458] {logging_mixin.py:104} INFO - [2024-07-26 22:46:35,458] {dagbag.py:496} INFO - Filling up the DagBag from /opt/airflow/dags/dag1.py
[2024-07-26 22:46:35,513] {scheduler_job.py:642} INFO - DAG(s) dict_keys(['grillos_operations']) retrieved from /opt/airflow/dags/dag1.py
[2024-07-26 22:46:35,545] {logging_mixin.py:104} INFO - [2024-07-26 22:46:35,545] {dag.py:1833} INFO - Sync 1 DAGs
[2024-07-26 22:46:35,566] {logging_mixin.py:104} INFO - [2024-07-26 22:46:35,566] {dag.py:2306} INFO - Setting next_dagrun for grillos_operations to 2024-07-26T00:00:00+00:00
[2024-07-26 22:46:35,599] {scheduler_job.py:189} INFO - Processing /opt/airflow/dags/dag1.py took 0.148 seconds
[2024-07-26 22:47:05,968] {scheduler_job.py:181} INFO - Started process (PID=272) to work on /opt/airflow/dags/dag1.py
[2024-07-26 22:47:05,971] {scheduler_job.py:632} INFO - Processing file /opt/airflow/dags/dag1.py for tasks to queue
[2024-07-26 22:47:05,973] {logging_mixin.py:104} INFO - [2024-07-26 22:47:05,973] {dagbag.py:496} INFO - Filling up the DagBag from /opt/airflow/dags/dag1.py
[2024-07-26 22:47:06,076] {scheduler_job.py:642} INFO - DAG(s) dict_keys(['grillos_operations']) retrieved from /opt/airflow/dags/dag1.py
[2024-07-26 22:47:06,118] {logging_mixin.py:104} INFO - [2024-07-26 22:47:06,118] {dag.py:1833} INFO - Sync 1 DAGs
[2024-07-26 22:47:06,138] {logging_mixin.py:104} INFO - [2024-07-26 22:47:06,138] {dag.py:2306} INFO - Setting next_dagrun for grillos_operations to 2024-07-26T00:00:00+00:00
[2024-07-26 22:47:06,154] {scheduler_job.py:189} INFO - Processing /opt/airflow/dags/dag1.py took 0.192 seconds
[2024-07-26 22:47:36,352] {scheduler_job.py:181} INFO - Started process (PID=277) to work on /opt/airflow/dags/dag1.py
[2024-07-26 22:47:36,355] {scheduler_job.py:632} INFO - Processing file /opt/airflow/dags/dag1.py for tasks to queue
[2024-07-26 22:47:36,357] {logging_mixin.py:104} INFO - [2024-07-26 22:47:36,357] {dagbag.py:496} INFO - Filling up the DagBag from /opt/airflow/dags/dag1.py
[2024-07-26 22:47:36,416] {scheduler_job.py:642} INFO - DAG(s) dict_keys(['grillos_operations']) retrieved from /opt/airflow/dags/dag1.py
[2024-07-26 22:47:36,451] {logging_mixin.py:104} INFO - [2024-07-26 22:47:36,451] {dag.py:1833} INFO - Sync 1 DAGs
[2024-07-26 22:47:36,476] {logging_mixin.py:104} INFO - [2024-07-26 22:47:36,475] {dag.py:2306} INFO - Setting next_dagrun for grillos_operations to 2024-07-26T00:00:00+00:00
[2024-07-26 22:47:36,493] {scheduler_job.py:189} INFO - Processing /opt/airflow/dags/dag1.py took 0.145 seconds
[2024-07-26 22:48:06,743] {scheduler_job.py:181} INFO - Started process (PID=282) to work on /opt/airflow/dags/dag1.py
[2024-07-26 22:48:06,758] {scheduler_job.py:632} INFO - Processing file /opt/airflow/dags/dag1.py for tasks to queue
[2024-07-26 22:48:06,799] {logging_mixin.py:104} INFO - [2024-07-26 22:48:06,798] {dagbag.py:496} INFO - Filling up the DagBag from /opt/airflow/dags/dag1.py
[2024-07-26 22:48:07,333] {scheduler_job.py:642} INFO - DAG(s) dict_keys(['grillos_operations']) retrieved from /opt/airflow/dags/dag1.py
[2024-07-26 22:48:07,405] {logging_mixin.py:104} INFO - [2024-07-26 22:48:07,405] {dag.py:1833} INFO - Sync 1 DAGs
[2024-07-26 22:48:07,466] {logging_mixin.py:104} INFO - [2024-07-26 22:48:07,466] {dag.py:2306} INFO - Setting next_dagrun for grillos_operations to 2024-07-26T00:00:00+00:00
[2024-07-26 22:48:07,489] {scheduler_job.py:189} INFO - Processing /opt/airflow/dags/dag1.py took 0.755 seconds
[2024-07-26 22:55:38,633] {scheduler_job.py:181} INFO - Started process (PID=164) to work on /opt/airflow/dags/dag1.py
[2024-07-26 22:55:38,635] {scheduler_job.py:632} INFO - Processing file /opt/airflow/dags/dag1.py for tasks to queue
[2024-07-26 22:55:38,642] {logging_mixin.py:104} INFO - [2024-07-26 22:55:38,642] {dagbag.py:496} INFO - Filling up the DagBag from /opt/airflow/dags/dag1.py
[2024-07-26 22:55:38,895] {scheduler_job.py:642} INFO - DAG(s) dict_keys(['grillos_operations']) retrieved from /opt/airflow/dags/dag1.py
[2024-07-26 22:55:39,000] {logging_mixin.py:104} INFO - [2024-07-26 22:55:38,999] {dag.py:1833} INFO - Sync 1 DAGs
[2024-07-26 22:55:39,057] {logging_mixin.py:104} INFO - [2024-07-26 22:55:39,056] {dag.py:2306} INFO - Setting next_dagrun for grillos_operations to 2024-07-26T00:00:00+00:00
[2024-07-26 22:55:39,156] {scheduler_job.py:189} INFO - Processing /opt/airflow/dags/dag1.py took 0.531 seconds
[2024-07-26 22:56:09,446] {scheduler_job.py:181} INFO - Started process (PID=171) to work on /opt/airflow/dags/dag1.py
[2024-07-26 22:56:09,448] {scheduler_job.py:632} INFO - Processing file /opt/airflow/dags/dag1.py for tasks to queue
[2024-07-26 22:56:09,449] {logging_mixin.py:104} INFO - [2024-07-26 22:56:09,449] {dagbag.py:496} INFO - Filling up the DagBag from /opt/airflow/dags/dag1.py
[2024-07-26 22:56:09,513] {scheduler_job.py:642} INFO - DAG(s) dict_keys(['grillos_operations']) retrieved from /opt/airflow/dags/dag1.py
[2024-07-26 22:56:09,547] {logging_mixin.py:104} INFO - [2024-07-26 22:56:09,547] {dag.py:1833} INFO - Sync 1 DAGs
[2024-07-26 22:56:09,575] {logging_mixin.py:104} INFO - [2024-07-26 22:56:09,574] {dag.py:2306} INFO - Setting next_dagrun for grillos_operations to 2024-07-26T00:00:00+00:00
[2024-07-26 22:56:09,612] {scheduler_job.py:189} INFO - Processing /opt/airflow/dags/dag1.py took 0.169 seconds
[2024-07-26 22:56:39,739] {scheduler_job.py:181} INFO - Started process (PID=176) to work on /opt/airflow/dags/dag1.py
[2024-07-26 22:56:39,742] {scheduler_job.py:632} INFO - Processing file /opt/airflow/dags/dag1.py for tasks to queue
[2024-07-26 22:56:39,745] {logging_mixin.py:104} INFO - [2024-07-26 22:56:39,744] {dagbag.py:496} INFO - Filling up the DagBag from /opt/airflow/dags/dag1.py
[2024-07-26 22:56:39,818] {scheduler_job.py:642} INFO - DAG(s) dict_keys(['grillos_operations']) retrieved from /opt/airflow/dags/dag1.py
[2024-07-26 22:56:39,862] {logging_mixin.py:104} INFO - [2024-07-26 22:56:39,862] {dag.py:1833} INFO - Sync 1 DAGs
[2024-07-26 22:56:39,891] {logging_mixin.py:104} INFO - [2024-07-26 22:56:39,891] {dag.py:2306} INFO - Setting next_dagrun for grillos_operations to 2024-07-26T00:00:00+00:00
[2024-07-26 22:56:39,928] {scheduler_job.py:189} INFO - Processing /opt/airflow/dags/dag1.py took 0.195 seconds
[2024-07-26 22:57:10,516] {scheduler_job.py:181} INFO - Started process (PID=181) to work on /opt/airflow/dags/dag1.py
[2024-07-26 22:57:10,521] {scheduler_job.py:632} INFO - Processing file /opt/airflow/dags/dag1.py for tasks to queue
[2024-07-26 22:57:10,523] {logging_mixin.py:104} INFO - [2024-07-26 22:57:10,523] {dagbag.py:496} INFO - Filling up the DagBag from /opt/airflow/dags/dag1.py
[2024-07-26 22:57:10,641] {scheduler_job.py:642} INFO - DAG(s) dict_keys(['grillos_operations']) retrieved from /opt/airflow/dags/dag1.py
[2024-07-26 22:57:10,744] {logging_mixin.py:104} INFO - [2024-07-26 22:57:10,744] {dag.py:1833} INFO - Sync 1 DAGs
[2024-07-26 22:57:10,793] {logging_mixin.py:104} INFO - [2024-07-26 22:57:10,793] {dag.py:2306} INFO - Setting next_dagrun for grillos_operations to 2024-07-26T00:00:00+00:00
[2024-07-26 22:57:10,845] {scheduler_job.py:189} INFO - Processing /opt/airflow/dags/dag1.py took 0.333 seconds
[2024-07-26 22:57:41,445] {scheduler_job.py:181} INFO - Started process (PID=186) to work on /opt/airflow/dags/dag1.py
[2024-07-26 22:57:41,447] {scheduler_job.py:632} INFO - Processing file /opt/airflow/dags/dag1.py for tasks to queue
[2024-07-26 22:57:41,448] {logging_mixin.py:104} INFO - [2024-07-26 22:57:41,448] {dagbag.py:496} INFO - Filling up the DagBag from /opt/airflow/dags/dag1.py
[2024-07-26 22:57:41,509] {scheduler_job.py:642} INFO - DAG(s) dict_keys(['grillos_operations']) retrieved from /opt/airflow/dags/dag1.py
[2024-07-26 22:57:41,536] {logging_mixin.py:104} INFO - [2024-07-26 22:57:41,536] {dag.py:1833} INFO - Sync 1 DAGs
[2024-07-26 22:57:41,559] {logging_mixin.py:104} INFO - [2024-07-26 22:57:41,559] {dag.py:2306} INFO - Setting next_dagrun for grillos_operations to 2024-07-26T00:00:00+00:00
[2024-07-26 22:57:41,607] {scheduler_job.py:189} INFO - Processing /opt/airflow/dags/dag1.py took 0.165 seconds
[2024-07-26 23:11:40,113] {scheduler_job.py:181} INFO - Started process (PID=163) to work on /opt/airflow/dags/dag1.py
[2024-07-26 23:11:40,114] {scheduler_job.py:632} INFO - Processing file /opt/airflow/dags/dag1.py for tasks to queue
[2024-07-26 23:11:40,116] {logging_mixin.py:104} INFO - [2024-07-26 23:11:40,115] {dagbag.py:496} INFO - Filling up the DagBag from /opt/airflow/dags/dag1.py
[2024-07-26 23:11:40,197] {scheduler_job.py:642} INFO - DAG(s) dict_keys(['grillos_operations']) retrieved from /opt/airflow/dags/dag1.py
[2024-07-26 23:11:48,749] {logging_mixin.py:104} INFO - [2024-07-26 23:11:48,747] {dag.py:1833} INFO - Sync 1 DAGs
[2024-07-26 23:11:48,771] {logging_mixin.py:104} INFO - [2024-07-26 23:11:48,769] {dag.py:1852} INFO - Creating ORM DAG for grillos_operations
[2024-07-26 23:11:48,782] {logging_mixin.py:104} INFO - [2024-07-26 23:11:48,782] {dag.py:2306} INFO - Setting next_dagrun for grillos_operations to 2024-07-26T00:00:00+00:00
[2024-07-26 23:11:48,807] {scheduler_job.py:189} INFO - Processing /opt/airflow/dags/dag1.py took 8.697 seconds
[2024-07-26 23:12:19,075] {scheduler_job.py:181} INFO - Started process (PID=172) to work on /opt/airflow/dags/dag1.py
[2024-07-26 23:12:19,076] {scheduler_job.py:632} INFO - Processing file /opt/airflow/dags/dag1.py for tasks to queue
[2024-07-26 23:12:19,077] {logging_mixin.py:104} INFO - [2024-07-26 23:12:19,077] {dagbag.py:496} INFO - Filling up the DagBag from /opt/airflow/dags/dag1.py
[2024-07-26 23:12:19,118] {scheduler_job.py:642} INFO - DAG(s) dict_keys(['grillos_operations']) retrieved from /opt/airflow/dags/dag1.py
[2024-07-26 23:12:19,140] {logging_mixin.py:104} INFO - [2024-07-26 23:12:19,140] {dag.py:1833} INFO - Sync 1 DAGs
[2024-07-26 23:12:19,156] {logging_mixin.py:104} INFO - [2024-07-26 23:12:19,156] {dag.py:2306} INFO - Setting next_dagrun for grillos_operations to 2024-07-26T00:00:00+00:00
[2024-07-26 23:12:19,168] {scheduler_job.py:189} INFO - Processing /opt/airflow/dags/dag1.py took 0.098 seconds
[2024-07-26 23:12:49,258] {scheduler_job.py:181} INFO - Started process (PID=177) to work on /opt/airflow/dags/dag1.py
[2024-07-26 23:12:49,259] {scheduler_job.py:632} INFO - Processing file /opt/airflow/dags/dag1.py for tasks to queue
[2024-07-26 23:12:49,260] {logging_mixin.py:104} INFO - [2024-07-26 23:12:49,260] {dagbag.py:496} INFO - Filling up the DagBag from /opt/airflow/dags/dag1.py
[2024-07-26 23:12:49,297] {scheduler_job.py:642} INFO - DAG(s) dict_keys(['grillos_operations']) retrieved from /opt/airflow/dags/dag1.py
[2024-07-26 23:12:49,318] {logging_mixin.py:104} INFO - [2024-07-26 23:12:49,317] {dag.py:1833} INFO - Sync 1 DAGs
[2024-07-26 23:12:49,333] {logging_mixin.py:104} INFO - [2024-07-26 23:12:49,333] {dag.py:2306} INFO - Setting next_dagrun for grillos_operations to 2024-07-26T00:00:00+00:00
[2024-07-26 23:12:49,348] {scheduler_job.py:189} INFO - Processing /opt/airflow/dags/dag1.py took 0.093 seconds
[2024-07-26 23:13:19,918] {scheduler_job.py:181} INFO - Started process (PID=182) to work on /opt/airflow/dags/dag1.py
[2024-07-26 23:13:19,920] {scheduler_job.py:632} INFO - Processing file /opt/airflow/dags/dag1.py for tasks to queue
[2024-07-26 23:13:19,921] {logging_mixin.py:104} INFO - [2024-07-26 23:13:19,920] {dagbag.py:496} INFO - Filling up the DagBag from /opt/airflow/dags/dag1.py
[2024-07-26 23:13:20,002] {scheduler_job.py:642} INFO - DAG(s) dict_keys(['grillos_operations']) retrieved from /opt/airflow/dags/dag1.py
[2024-07-26 23:13:20,026] {logging_mixin.py:104} INFO - [2024-07-26 23:13:20,026] {dag.py:1833} INFO - Sync 1 DAGs
[2024-07-26 23:13:20,046] {logging_mixin.py:104} INFO - [2024-07-26 23:13:20,046] {dag.py:2306} INFO - Setting next_dagrun for grillos_operations to 2024-07-26T00:00:00+00:00
[2024-07-26 23:13:20,061] {scheduler_job.py:189} INFO - Processing /opt/airflow/dags/dag1.py took 0.147 seconds
[2024-07-26 23:13:50,131] {scheduler_job.py:181} INFO - Started process (PID=187) to work on /opt/airflow/dags/dag1.py
[2024-07-26 23:13:50,132] {scheduler_job.py:632} INFO - Processing file /opt/airflow/dags/dag1.py for tasks to queue
[2024-07-26 23:13:50,134] {logging_mixin.py:104} INFO - [2024-07-26 23:13:50,133] {dagbag.py:496} INFO - Filling up the DagBag from /opt/airflow/dags/dag1.py
[2024-07-26 23:13:50,184] {scheduler_job.py:642} INFO - DAG(s) dict_keys(['grillos_operations']) retrieved from /opt/airflow/dags/dag1.py
[2024-07-26 23:13:50,206] {logging_mixin.py:104} INFO - [2024-07-26 23:13:50,206] {dag.py:1833} INFO - Sync 1 DAGs
[2024-07-26 23:13:50,224] {logging_mixin.py:104} INFO - [2024-07-26 23:13:50,224] {dag.py:2306} INFO - Setting next_dagrun for grillos_operations to 2024-07-26T00:00:00+00:00
[2024-07-26 23:13:50,238] {scheduler_job.py:189} INFO - Processing /opt/airflow/dags/dag1.py took 0.110 seconds
[2024-07-26 23:14:20,446] {scheduler_job.py:181} INFO - Started process (PID=192) to work on /opt/airflow/dags/dag1.py
[2024-07-26 23:14:20,447] {scheduler_job.py:632} INFO - Processing file /opt/airflow/dags/dag1.py for tasks to queue
[2024-07-26 23:14:20,448] {logging_mixin.py:104} INFO - [2024-07-26 23:14:20,448] {dagbag.py:496} INFO - Filling up the DagBag from /opt/airflow/dags/dag1.py
[2024-07-26 23:14:20,489] {scheduler_job.py:642} INFO - DAG(s) dict_keys(['grillos_operations']) retrieved from /opt/airflow/dags/dag1.py
[2024-07-26 23:14:20,520] {logging_mixin.py:104} INFO - [2024-07-26 23:14:20,520] {dag.py:1833} INFO - Sync 1 DAGs
[2024-07-26 23:14:20,541] {logging_mixin.py:104} INFO - [2024-07-26 23:14:20,540] {dag.py:2306} INFO - Setting next_dagrun for grillos_operations to 2024-07-26T00:00:00+00:00
[2024-07-26 23:14:20,558] {scheduler_job.py:189} INFO - Processing /opt/airflow/dags/dag1.py took 0.116 seconds
[2024-07-26 23:14:50,614] {scheduler_job.py:181} INFO - Started process (PID=199) to work on /opt/airflow/dags/dag1.py
[2024-07-26 23:14:50,616] {scheduler_job.py:632} INFO - Processing file /opt/airflow/dags/dag1.py for tasks to queue
[2024-07-26 23:14:50,617] {logging_mixin.py:104} INFO - [2024-07-26 23:14:50,617] {dagbag.py:496} INFO - Filling up the DagBag from /opt/airflow/dags/dag1.py
[2024-07-26 23:14:50,695] {scheduler_job.py:642} INFO - DAG(s) dict_keys(['grillos_operations']) retrieved from /opt/airflow/dags/dag1.py
[2024-07-26 23:14:50,750] {logging_mixin.py:104} INFO - [2024-07-26 23:14:50,750] {dag.py:1833} INFO - Sync 1 DAGs
[2024-07-26 23:14:50,780] {logging_mixin.py:104} INFO - [2024-07-26 23:14:50,780] {dag.py:2306} INFO - Setting next_dagrun for grillos_operations to 2024-07-26T00:00:00+00:00
[2024-07-26 23:14:50,798] {scheduler_job.py:189} INFO - Processing /opt/airflow/dags/dag1.py took 0.187 seconds
[2024-07-26 23:15:20,973] {scheduler_job.py:181} INFO - Started process (PID=204) to work on /opt/airflow/dags/dag1.py
[2024-07-26 23:15:20,976] {scheduler_job.py:632} INFO - Processing file /opt/airflow/dags/dag1.py for tasks to queue
[2024-07-26 23:15:20,977] {logging_mixin.py:104} INFO - [2024-07-26 23:15:20,977] {dagbag.py:496} INFO - Filling up the DagBag from /opt/airflow/dags/dag1.py
[2024-07-26 23:15:21,024] {scheduler_job.py:642} INFO - DAG(s) dict_keys(['grillos_operations']) retrieved from /opt/airflow/dags/dag1.py
[2024-07-26 23:15:21,048] {logging_mixin.py:104} INFO - [2024-07-26 23:15:21,048] {dag.py:1833} INFO - Sync 1 DAGs
[2024-07-26 23:15:21,067] {logging_mixin.py:104} INFO - [2024-07-26 23:15:21,067] {dag.py:2306} INFO - Setting next_dagrun for grillos_operations to 2024-07-26T00:00:00+00:00
[2024-07-26 23:15:21,082] {scheduler_job.py:189} INFO - Processing /opt/airflow/dags/dag1.py took 0.111 seconds
[2024-07-26 23:15:51,165] {scheduler_job.py:181} INFO - Started process (PID=209) to work on /opt/airflow/dags/dag1.py
[2024-07-26 23:15:51,167] {scheduler_job.py:632} INFO - Processing file /opt/airflow/dags/dag1.py for tasks to queue
[2024-07-26 23:15:51,168] {logging_mixin.py:104} INFO - [2024-07-26 23:15:51,168] {dagbag.py:496} INFO - Filling up the DagBag from /opt/airflow/dags/dag1.py
[2024-07-26 23:15:51,213] {scheduler_job.py:642} INFO - DAG(s) dict_keys(['grillos_operations']) retrieved from /opt/airflow/dags/dag1.py
[2024-07-26 23:15:51,241] {logging_mixin.py:104} INFO - [2024-07-26 23:15:51,241] {dag.py:1833} INFO - Sync 1 DAGs
[2024-07-26 23:15:51,259] {logging_mixin.py:104} INFO - [2024-07-26 23:15:51,259] {dag.py:2306} INFO - Setting next_dagrun for grillos_operations to 2024-07-26T00:00:00+00:00
[2024-07-26 23:15:51,274] {scheduler_job.py:189} INFO - Processing /opt/airflow/dags/dag1.py took 0.112 seconds
[2024-07-26 23:16:21,415] {scheduler_job.py:181} INFO - Started process (PID=214) to work on /opt/airflow/dags/dag1.py
[2024-07-26 23:16:21,416] {scheduler_job.py:632} INFO - Processing file /opt/airflow/dags/dag1.py for tasks to queue
[2024-07-26 23:16:21,417] {logging_mixin.py:104} INFO - [2024-07-26 23:16:21,417] {dagbag.py:496} INFO - Filling up the DagBag from /opt/airflow/dags/dag1.py
[2024-07-26 23:16:21,456] {scheduler_job.py:642} INFO - DAG(s) dict_keys(['grillos_operations']) retrieved from /opt/airflow/dags/dag1.py
[2024-07-26 23:16:21,483] {logging_mixin.py:104} INFO - [2024-07-26 23:16:21,483] {dag.py:1833} INFO - Sync 1 DAGs
[2024-07-26 23:16:21,499] {logging_mixin.py:104} INFO - [2024-07-26 23:16:21,499] {dag.py:2306} INFO - Setting next_dagrun for grillos_operations to 2024-07-26T00:00:00+00:00
[2024-07-26 23:16:21,510] {scheduler_job.py:189} INFO - Processing /opt/airflow/dags/dag1.py took 0.098 seconds
[2024-07-26 23:16:51,857] {scheduler_job.py:181} INFO - Started process (PID=219) to work on /opt/airflow/dags/dag1.py
[2024-07-26 23:16:51,862] {scheduler_job.py:632} INFO - Processing file /opt/airflow/dags/dag1.py for tasks to queue
[2024-07-26 23:16:51,863] {logging_mixin.py:104} INFO - [2024-07-26 23:16:51,863] {dagbag.py:496} INFO - Filling up the DagBag from /opt/airflow/dags/dag1.py
[2024-07-26 23:16:51,910] {scheduler_job.py:642} INFO - DAG(s) dict_keys(['grillos_operations']) retrieved from /opt/airflow/dags/dag1.py
[2024-07-26 23:16:51,936] {logging_mixin.py:104} INFO - [2024-07-26 23:16:51,936] {dag.py:1833} INFO - Sync 1 DAGs
[2024-07-26 23:16:51,952] {logging_mixin.py:104} INFO - [2024-07-26 23:16:51,952] {dag.py:2306} INFO - Setting next_dagrun for grillos_operations to 2024-07-26T00:00:00+00:00
[2024-07-26 23:16:51,966] {scheduler_job.py:189} INFO - Processing /opt/airflow/dags/dag1.py took 0.112 seconds
[2024-07-26 23:17:22,036] {scheduler_job.py:181} INFO - Started process (PID=224) to work on /opt/airflow/dags/dag1.py
[2024-07-26 23:17:22,038] {scheduler_job.py:632} INFO - Processing file /opt/airflow/dags/dag1.py for tasks to queue
[2024-07-26 23:17:22,039] {logging_mixin.py:104} INFO - [2024-07-26 23:17:22,039] {dagbag.py:496} INFO - Filling up the DagBag from /opt/airflow/dags/dag1.py
[2024-07-26 23:17:22,092] {scheduler_job.py:642} INFO - DAG(s) dict_keys(['grillos_operations']) retrieved from /opt/airflow/dags/dag1.py
[2024-07-26 23:17:22,131] {logging_mixin.py:104} INFO - [2024-07-26 23:17:22,131] {dag.py:1833} INFO - Sync 1 DAGs
[2024-07-26 23:17:22,154] {logging_mixin.py:104} INFO - [2024-07-26 23:17:22,154] {dag.py:2306} INFO - Setting next_dagrun for grillos_operations to 2024-07-26T00:00:00+00:00
[2024-07-26 23:17:22,172] {scheduler_job.py:189} INFO - Processing /opt/airflow/dags/dag1.py took 0.139 seconds
[2024-07-26 23:17:52,315] {scheduler_job.py:181} INFO - Started process (PID=229) to work on /opt/airflow/dags/dag1.py
[2024-07-26 23:17:52,317] {scheduler_job.py:632} INFO - Processing file /opt/airflow/dags/dag1.py for tasks to queue
[2024-07-26 23:17:52,317] {logging_mixin.py:104} INFO - [2024-07-26 23:17:52,317] {dagbag.py:496} INFO - Filling up the DagBag from /opt/airflow/dags/dag1.py
[2024-07-26 23:17:52,354] {scheduler_job.py:642} INFO - DAG(s) dict_keys(['grillos_operations']) retrieved from /opt/airflow/dags/dag1.py
[2024-07-26 23:17:52,374] {logging_mixin.py:104} INFO - [2024-07-26 23:17:52,374] {dag.py:1833} INFO - Sync 1 DAGs
[2024-07-26 23:17:52,389] {logging_mixin.py:104} INFO - [2024-07-26 23:17:52,389] {dag.py:2306} INFO - Setting next_dagrun for grillos_operations to 2024-07-26T00:00:00+00:00
[2024-07-26 23:17:52,469] {scheduler_job.py:189} INFO - Processing /opt/airflow/dags/dag1.py took 0.156 seconds
[2024-07-26 23:18:22,660] {scheduler_job.py:181} INFO - Started process (PID=234) to work on /opt/airflow/dags/dag1.py
[2024-07-26 23:18:22,662] {scheduler_job.py:632} INFO - Processing file /opt/airflow/dags/dag1.py for tasks to queue
[2024-07-26 23:18:22,663] {logging_mixin.py:104} INFO - [2024-07-26 23:18:22,663] {dagbag.py:496} INFO - Filling up the DagBag from /opt/airflow/dags/dag1.py
[2024-07-26 23:18:22,709] {scheduler_job.py:642} INFO - DAG(s) dict_keys(['grillos_operations']) retrieved from /opt/airflow/dags/dag1.py
[2024-07-26 23:18:22,766] {logging_mixin.py:104} INFO - [2024-07-26 23:18:22,766] {dag.py:1833} INFO - Sync 1 DAGs
[2024-07-26 23:18:22,790] {logging_mixin.py:104} INFO - [2024-07-26 23:18:22,790] {dag.py:2306} INFO - Setting next_dagrun for grillos_operations to 2024-07-26T00:00:00+00:00
[2024-07-26 23:18:22,808] {scheduler_job.py:189} INFO - Processing /opt/airflow/dags/dag1.py took 0.151 seconds
[2024-07-26 23:18:52,964] {scheduler_job.py:181} INFO - Started process (PID=239) to work on /opt/airflow/dags/dag1.py
[2024-07-26 23:18:52,965] {scheduler_job.py:632} INFO - Processing file /opt/airflow/dags/dag1.py for tasks to queue
[2024-07-26 23:18:52,966] {logging_mixin.py:104} INFO - [2024-07-26 23:18:52,966] {dagbag.py:496} INFO - Filling up the DagBag from /opt/airflow/dags/dag1.py
[2024-07-26 23:18:53,003] {scheduler_job.py:642} INFO - DAG(s) dict_keys(['grillos_operations']) retrieved from /opt/airflow/dags/dag1.py
[2024-07-26 23:18:53,027] {logging_mixin.py:104} INFO - [2024-07-26 23:18:53,026] {dag.py:1833} INFO - Sync 1 DAGs
[2024-07-26 23:18:53,043] {logging_mixin.py:104} INFO - [2024-07-26 23:18:53,043] {dag.py:2306} INFO - Setting next_dagrun for grillos_operations to 2024-07-26T00:00:00+00:00
[2024-07-26 23:18:53,057] {scheduler_job.py:189} INFO - Processing /opt/airflow/dags/dag1.py took 0.096 seconds
[2024-07-26 23:19:23,140] {scheduler_job.py:181} INFO - Started process (PID=244) to work on /opt/airflow/dags/dag1.py
[2024-07-26 23:19:23,141] {scheduler_job.py:632} INFO - Processing file /opt/airflow/dags/dag1.py for tasks to queue
[2024-07-26 23:19:23,142] {logging_mixin.py:104} INFO - [2024-07-26 23:19:23,142] {dagbag.py:496} INFO - Filling up the DagBag from /opt/airflow/dags/dag1.py
[2024-07-26 23:19:23,186] {scheduler_job.py:642} INFO - DAG(s) dict_keys(['grillos_operations']) retrieved from /opt/airflow/dags/dag1.py
[2024-07-26 23:19:23,207] {logging_mixin.py:104} INFO - [2024-07-26 23:19:23,206] {dag.py:1833} INFO - Sync 1 DAGs
[2024-07-26 23:19:23,221] {logging_mixin.py:104} INFO - [2024-07-26 23:19:23,221] {dag.py:2306} INFO - Setting next_dagrun for grillos_operations to 2024-07-26T00:00:00+00:00
[2024-07-26 23:19:23,236] {scheduler_job.py:189} INFO - Processing /opt/airflow/dags/dag1.py took 0.099 seconds
[2024-07-26 23:19:53,388] {scheduler_job.py:181} INFO - Started process (PID=249) to work on /opt/airflow/dags/dag1.py
[2024-07-26 23:19:53,390] {scheduler_job.py:632} INFO - Processing file /opt/airflow/dags/dag1.py for tasks to queue
[2024-07-26 23:19:53,391] {logging_mixin.py:104} INFO - [2024-07-26 23:19:53,390] {dagbag.py:496} INFO - Filling up the DagBag from /opt/airflow/dags/dag1.py
[2024-07-26 23:19:53,427] {scheduler_job.py:642} INFO - DAG(s) dict_keys(['grillos_operations']) retrieved from /opt/airflow/dags/dag1.py
[2024-07-26 23:19:53,449] {logging_mixin.py:104} INFO - [2024-07-26 23:19:53,449] {dag.py:1833} INFO - Sync 1 DAGs
[2024-07-26 23:19:53,464] {logging_mixin.py:104} INFO - [2024-07-26 23:19:53,464] {dag.py:2306} INFO - Setting next_dagrun for grillos_operations to 2024-07-26T00:00:00+00:00
[2024-07-26 23:19:53,476] {scheduler_job.py:189} INFO - Processing /opt/airflow/dags/dag1.py took 0.090 seconds
[2024-07-26 23:25:19,844] {scheduler_job.py:181} INFO - Started process (PID=163) to work on /opt/airflow/dags/dag1.py
[2024-07-26 23:25:19,846] {scheduler_job.py:632} INFO - Processing file /opt/airflow/dags/dag1.py for tasks to queue
[2024-07-26 23:25:19,847] {logging_mixin.py:104} INFO - [2024-07-26 23:25:19,847] {dagbag.py:496} INFO - Filling up the DagBag from /opt/airflow/dags/dag1.py
[2024-07-26 23:25:19,927] {scheduler_job.py:642} INFO - DAG(s) dict_keys(['grillos_operations']) retrieved from /opt/airflow/dags/dag1.py
[2024-07-26 23:25:27,584] {logging_mixin.py:104} INFO - [2024-07-26 23:25:27,583] {dag.py:1833} INFO - Sync 1 DAGs
[2024-07-26 23:25:27,595] {logging_mixin.py:104} INFO - [2024-07-26 23:25:27,594] {dag.py:1852} INFO - Creating ORM DAG for grillos_operations
[2024-07-26 23:25:27,602] {logging_mixin.py:104} INFO - [2024-07-26 23:25:27,602] {dag.py:2306} INFO - Setting next_dagrun for grillos_operations to 2024-07-26T00:00:00+00:00
[2024-07-26 23:25:27,616] {scheduler_job.py:189} INFO - Processing /opt/airflow/dags/dag1.py took 7.774 seconds
[2024-07-26 23:25:57,785] {scheduler_job.py:181} INFO - Started process (PID=172) to work on /opt/airflow/dags/dag1.py
[2024-07-26 23:25:57,786] {scheduler_job.py:632} INFO - Processing file /opt/airflow/dags/dag1.py for tasks to queue
[2024-07-26 23:25:57,787] {logging_mixin.py:104} INFO - [2024-07-26 23:25:57,787] {dagbag.py:496} INFO - Filling up the DagBag from /opt/airflow/dags/dag1.py
[2024-07-26 23:25:57,829] {scheduler_job.py:642} INFO - DAG(s) dict_keys(['grillos_operations']) retrieved from /opt/airflow/dags/dag1.py
[2024-07-26 23:25:57,857] {logging_mixin.py:104} INFO - [2024-07-26 23:25:57,857] {dag.py:1833} INFO - Sync 1 DAGs
[2024-07-26 23:25:57,880] {logging_mixin.py:104} INFO - [2024-07-26 23:25:57,880] {dag.py:2306} INFO - Setting next_dagrun for grillos_operations to 2024-07-26T00:00:00+00:00
[2024-07-26 23:25:57,903] {scheduler_job.py:189} INFO - Processing /opt/airflow/dags/dag1.py took 0.121 seconds
[2024-07-26 23:26:27,971] {scheduler_job.py:181} INFO - Started process (PID=177) to work on /opt/airflow/dags/dag1.py
[2024-07-26 23:26:27,973] {scheduler_job.py:632} INFO - Processing file /opt/airflow/dags/dag1.py for tasks to queue
[2024-07-26 23:26:27,974] {logging_mixin.py:104} INFO - [2024-07-26 23:26:27,973] {dagbag.py:496} INFO - Filling up the DagBag from /opt/airflow/dags/dag1.py
[2024-07-26 23:26:28,012] {scheduler_job.py:642} INFO - DAG(s) dict_keys(['grillos_operations']) retrieved from /opt/airflow/dags/dag1.py
[2024-07-26 23:26:28,036] {logging_mixin.py:104} INFO - [2024-07-26 23:26:28,036] {dag.py:1833} INFO - Sync 1 DAGs
[2024-07-26 23:26:28,060] {logging_mixin.py:104} INFO - [2024-07-26 23:26:28,059] {dag.py:2306} INFO - Setting next_dagrun for grillos_operations to 2024-07-26T00:00:00+00:00
[2024-07-26 23:26:28,076] {scheduler_job.py:189} INFO - Processing /opt/airflow/dags/dag1.py took 0.109 seconds
[2024-07-26 23:51:28,822] {scheduler_job.py:181} INFO - Started process (PID=164) to work on /opt/airflow/dags/dag1.py
[2024-07-26 23:51:28,824] {scheduler_job.py:632} INFO - Processing file /opt/airflow/dags/dag1.py for tasks to queue
[2024-07-26 23:51:28,826] {logging_mixin.py:104} INFO - [2024-07-26 23:51:28,825] {dagbag.py:496} INFO - Filling up the DagBag from /opt/airflow/dags/dag1.py
[2024-07-26 23:51:28,919] {scheduler_job.py:642} INFO - DAG(s) dict_keys(['grillos_operations']) retrieved from /opt/airflow/dags/dag1.py
[2024-07-26 23:51:37,289] {logging_mixin.py:104} INFO - [2024-07-26 23:51:37,288] {dag.py:1833} INFO - Sync 1 DAGs
[2024-07-26 23:51:37,301] {logging_mixin.py:104} INFO - [2024-07-26 23:51:37,300] {dag.py:1852} INFO - Creating ORM DAG for grillos_operations
[2024-07-26 23:51:37,308] {logging_mixin.py:104} INFO - [2024-07-26 23:51:37,308] {dag.py:2306} INFO - Setting next_dagrun for grillos_operations to 2024-07-26T00:00:00+00:00
[2024-07-26 23:51:37,333] {scheduler_job.py:189} INFO - Processing /opt/airflow/dags/dag1.py took 8.515 seconds
[2024-07-26 23:52:07,553] {scheduler_job.py:181} INFO - Started process (PID=173) to work on /opt/airflow/dags/dag1.py
[2024-07-26 23:52:07,555] {scheduler_job.py:632} INFO - Processing file /opt/airflow/dags/dag1.py for tasks to queue
[2024-07-26 23:52:07,556] {logging_mixin.py:104} INFO - [2024-07-26 23:52:07,556] {dagbag.py:496} INFO - Filling up the DagBag from /opt/airflow/dags/dag1.py
[2024-07-26 23:52:07,596] {scheduler_job.py:642} INFO - DAG(s) dict_keys(['grillos_operations']) retrieved from /opt/airflow/dags/dag1.py
[2024-07-26 23:52:07,617] {logging_mixin.py:104} INFO - [2024-07-26 23:52:07,617] {dag.py:1833} INFO - Sync 1 DAGs
[2024-07-26 23:52:07,635] {logging_mixin.py:104} INFO - [2024-07-26 23:52:07,635] {dag.py:2306} INFO - Setting next_dagrun for grillos_operations to 2024-07-26T00:00:00+00:00
[2024-07-26 23:52:07,649] {scheduler_job.py:189} INFO - Processing /opt/airflow/dags/dag1.py took 0.100 seconds
[2024-07-26 23:52:37,968] {scheduler_job.py:181} INFO - Started process (PID=182) to work on /opt/airflow/dags/dag1.py
[2024-07-26 23:52:37,970] {scheduler_job.py:632} INFO - Processing file /opt/airflow/dags/dag1.py for tasks to queue
[2024-07-26 23:52:37,971] {logging_mixin.py:104} INFO - [2024-07-26 23:52:37,971] {dagbag.py:496} INFO - Filling up the DagBag from /opt/airflow/dags/dag1.py
[2024-07-26 23:52:38,044] {scheduler_job.py:642} INFO - DAG(s) dict_keys(['grillos_operations']) retrieved from /opt/airflow/dags/dag1.py
[2024-07-26 23:52:38,109] {logging_mixin.py:104} INFO - [2024-07-26 23:52:38,109] {dag.py:1833} INFO - Sync 1 DAGs
[2024-07-26 23:52:38,160] {logging_mixin.py:104} INFO - [2024-07-26 23:52:38,160] {dag.py:2306} INFO - Setting next_dagrun for grillos_operations to 2024-07-26T00:00:00+00:00
[2024-07-26 23:52:38,183] {scheduler_job.py:189} INFO - Processing /opt/airflow/dags/dag1.py took 0.219 seconds
[2024-07-26 23:53:08,460] {scheduler_job.py:181} INFO - Started process (PID=191) to work on /opt/airflow/dags/dag1.py
[2024-07-26 23:53:08,462] {scheduler_job.py:632} INFO - Processing file /opt/airflow/dags/dag1.py for tasks to queue
[2024-07-26 23:53:08,463] {logging_mixin.py:104} INFO - [2024-07-26 23:53:08,463] {dagbag.py:496} INFO - Filling up the DagBag from /opt/airflow/dags/dag1.py
[2024-07-26 23:53:08,514] {scheduler_job.py:642} INFO - DAG(s) dict_keys(['grillos_operations']) retrieved from /opt/airflow/dags/dag1.py
[2024-07-26 23:53:08,545] {logging_mixin.py:104} INFO - [2024-07-26 23:53:08,545] {dag.py:1833} INFO - Sync 1 DAGs
[2024-07-26 23:53:08,566] {logging_mixin.py:104} INFO - [2024-07-26 23:53:08,565] {dag.py:2306} INFO - Setting next_dagrun for grillos_operations to 2024-07-26T00:00:00+00:00
[2024-07-26 23:53:08,583] {scheduler_job.py:189} INFO - Processing /opt/airflow/dags/dag1.py took 0.127 seconds
[2024-07-26 23:53:38,619] {scheduler_job.py:181} INFO - Started process (PID=196) to work on /opt/airflow/dags/dag1.py
[2024-07-26 23:53:38,620] {scheduler_job.py:632} INFO - Processing file /opt/airflow/dags/dag1.py for tasks to queue
[2024-07-26 23:53:38,621] {logging_mixin.py:104} INFO - [2024-07-26 23:53:38,621] {dagbag.py:496} INFO - Filling up the DagBag from /opt/airflow/dags/dag1.py
[2024-07-26 23:53:38,656] {scheduler_job.py:642} INFO - DAG(s) dict_keys(['grillos_operations']) retrieved from /opt/airflow/dags/dag1.py
[2024-07-26 23:53:38,678] {logging_mixin.py:104} INFO - [2024-07-26 23:53:38,678] {dag.py:1833} INFO - Sync 1 DAGs
[2024-07-26 23:53:38,696] {logging_mixin.py:104} INFO - [2024-07-26 23:53:38,696] {dag.py:2306} INFO - Setting next_dagrun for grillos_operations to 2024-07-26T00:00:00+00:00
[2024-07-26 23:53:38,712] {scheduler_job.py:189} INFO - Processing /opt/airflow/dags/dag1.py took 0.096 seconds
