[2024-07-27 02:25:16,709] {taskinstance.py:896} INFO - Dependencies all met for <TaskInstance: grillos_operations.copy_data 2024-07-26T00:00:00+00:00 [queued]>
[2024-07-27 02:25:16,725] {taskinstance.py:896} INFO - Dependencies all met for <TaskInstance: grillos_operations.copy_data 2024-07-26T00:00:00+00:00 [queued]>
[2024-07-27 02:25:16,726] {taskinstance.py:1087} INFO - 
--------------------------------------------------------------------------------
[2024-07-27 02:25:16,727] {taskinstance.py:1088} INFO - Starting attempt 5 of 8
[2024-07-27 02:25:16,727] {taskinstance.py:1089} INFO - 
--------------------------------------------------------------------------------
[2024-07-27 02:25:16,745] {taskinstance.py:1107} INFO - Executing <Task(PostgresOperator): copy_data> on 2024-07-26T00:00:00+00:00
[2024-07-27 02:25:16,749] {standard_task_runner.py:52} INFO - Started process 629 to run task
[2024-07-27 02:25:16,753] {standard_task_runner.py:76} INFO - Running: ['airflow', 'tasks', 'run', 'grillos_operations', 'copy_data', '2024-07-26T00:00:00+00:00', '--job-id', '68', '--pool', 'default_pool', '--raw', '--subdir', 'DAGS_FOLDER/dag1.py', '--cfg-path', '/tmp/tmpz3tlqd3f', '--error-file', '/tmp/tmp2jql2272']
[2024-07-27 02:25:16,756] {standard_task_runner.py:77} INFO - Job 68: Subtask copy_data
[2024-07-27 02:25:16,813] {logging_mixin.py:104} INFO - Running <TaskInstance: grillos_operations.copy_data 2024-07-26T00:00:00+00:00 [running]> on host af0979500140
[2024-07-27 02:25:16,901] {taskinstance.py:1302} INFO - Exporting the following env vars:
AIRFLOW_CTX_DAG_OWNER=airflow
AIRFLOW_CTX_DAG_ID=grillos_operations
AIRFLOW_CTX_TASK_ID=copy_data
AIRFLOW_CTX_EXECUTION_DATE=2024-07-26T00:00:00+00:00
AIRFLOW_CTX_DAG_RUN_ID=scheduled__2024-07-26T00:00:00+00:00
[2024-07-27 02:25:16,902] {postgres.py:68} INFO - Executing: 
    BEGIN;
    CREATE TEMP TABLE tmp_grillos AS TABLE bronze.raw_grillos WITH NO DATA;
    
    COPY tmp_grillos (id, counter, fecha_registro, fecha_nacimiento, tipo, volumen)
    FROM '/import/data_grillos.csv'
    DELIMITER ','
    CSV HEADER;

    INSERT INTO bronze.raw_grillos (id, counter, fecha_registro, fecha_nacimiento, tipo, volumen)
    SELECT id, counter, fecha_registro, fecha_nacimiento, tipo, volumen
    FROM tmp_grillos
    ON CONFLICT (id) DO NOTHING;

    DROP TABLE tmp_grillos;
    COMMIT;
    
[2024-07-27 02:25:16,920] {base.py:78} INFO - Using connection to: id: ***_grillos. Host: ***_warehouse, Port: 5432, Schema: warehouse, Login: ***, Password: ***, extra: {}
[2024-07-27 02:25:16,928] {dbapi.py:204} INFO - Running statement: 
    BEGIN;
    CREATE TEMP TABLE tmp_grillos AS TABLE bronze.raw_grillos WITH NO DATA;
    
    COPY tmp_grillos (id, counter, fecha_registro, fecha_nacimiento, tipo, volumen)
    FROM '/import/data_grillos.csv'
    DELIMITER ','
    CSV HEADER;

    INSERT INTO bronze.raw_grillos (id, counter, fecha_registro, fecha_nacimiento, tipo, volumen)
    SELECT id, counter, fecha_registro, fecha_nacimiento, tipo, volumen
    FROM tmp_grillos
    ON CONFLICT (id) DO NOTHING;

    DROP TABLE tmp_grillos;
    COMMIT;
    , parameters: None
[2024-07-27 02:25:16,945] {postgres.py:72} INFO - WARNING:  there is already a transaction in progress

[2024-07-27 02:25:16,946] {postgres.py:72} INFO - WARNING:  there is no transaction in progress

[2024-07-27 02:25:16,968] {taskinstance.py:1211} INFO - Marking task as SUCCESS. dag_id=grillos_operations, task_id=copy_data, execution_date=20240726T000000, start_date=20240727T022516, end_date=20240727T022516
[2024-07-27 02:25:17,015] {taskinstance.py:1265} INFO - 1 downstream tasks scheduled from follow-on schedule check
[2024-07-27 02:25:17,045] {local_task_job.py:149} INFO - Task exited with return code 0
