[2024-07-27 02:22:11,114] {taskinstance.py:896} INFO - Dependencies all met for <TaskInstance: grillos_operations.create_schemas 2024-07-27T02:22:09.053866+00:00 [queued]>
[2024-07-27 02:22:11,151] {taskinstance.py:896} INFO - Dependencies all met for <TaskInstance: grillos_operations.create_schemas 2024-07-27T02:22:09.053866+00:00 [queued]>
[2024-07-27 02:22:11,152] {taskinstance.py:1087} INFO - 
--------------------------------------------------------------------------------
[2024-07-27 02:22:11,153] {taskinstance.py:1088} INFO - Starting attempt 1 of 4
[2024-07-27 02:22:11,153] {taskinstance.py:1089} INFO - 
--------------------------------------------------------------------------------
[2024-07-27 02:22:11,177] {taskinstance.py:1107} INFO - Executing <Task(PostgresOperator): create_schemas> on 2024-07-27T02:22:09.053866+00:00
[2024-07-27 02:22:11,182] {standard_task_runner.py:52} INFO - Started process 582 to run task
[2024-07-27 02:22:11,187] {standard_task_runner.py:76} INFO - Running: ['airflow', 'tasks', 'run', 'grillos_operations', 'create_schemas', '2024-07-27T02:22:09.053866+00:00', '--job-id', '61', '--pool', 'default_pool', '--raw', '--subdir', 'DAGS_FOLDER/dag1.py', '--cfg-path', '/tmp/tmpiy7n_8rb', '--error-file', '/tmp/tmpoz_twahb']
[2024-07-27 02:22:11,192] {standard_task_runner.py:77} INFO - Job 61: Subtask create_schemas
[2024-07-27 02:22:11,267] {logging_mixin.py:104} INFO - Running <TaskInstance: grillos_operations.create_schemas 2024-07-27T02:22:09.053866+00:00 [running]> on host af0979500140
[2024-07-27 02:22:11,343] {taskinstance.py:1302} INFO - Exporting the following env vars:
AIRFLOW_CTX_DAG_OWNER=airflow
AIRFLOW_CTX_DAG_ID=grillos_operations
AIRFLOW_CTX_TASK_ID=create_schemas
AIRFLOW_CTX_EXECUTION_DATE=2024-07-27T02:22:09.053866+00:00
AIRFLOW_CTX_DAG_RUN_ID=manual__2024-07-27T02:22:09.053866+00:00
[2024-07-27 02:22:11,344] {postgres.py:68} INFO - Executing: 
    BEGIN;
    CREATE SCHEMA IF NOT EXISTS bronze;
    CREATE SCHEMA IF NOT EXISTS silver;
    CREATE SCHEMA IF NOT EXISTS gold;
    COMMIT;
    
[2024-07-27 02:22:11,358] {base.py:78} INFO - Using connection to: id: ***_grillos. Host: ***_warehouse, Port: 5432, Schema: warehouse, Login: ***, Password: ***, extra: {}
[2024-07-27 02:22:11,364] {dbapi.py:204} INFO - Running statement: 
    BEGIN;
    CREATE SCHEMA IF NOT EXISTS bronze;
    CREATE SCHEMA IF NOT EXISTS silver;
    CREATE SCHEMA IF NOT EXISTS gold;
    COMMIT;
    , parameters: None
[2024-07-27 02:22:11,366] {postgres.py:72} INFO - WARNING:  there is already a transaction in progress

[2024-07-27 02:22:11,367] {postgres.py:72} INFO - NOTICE:  schema "bronze" already exists, skipping

[2024-07-27 02:22:11,369] {postgres.py:72} INFO - NOTICE:  schema "silver" already exists, skipping

[2024-07-27 02:22:11,370] {postgres.py:72} INFO - NOTICE:  schema "gold" already exists, skipping

[2024-07-27 02:22:11,370] {postgres.py:72} INFO - WARNING:  there is no transaction in progress

[2024-07-27 02:22:11,386] {taskinstance.py:1211} INFO - Marking task as SUCCESS. dag_id=grillos_operations, task_id=create_schemas, execution_date=20240727T022209, start_date=20240727T022211, end_date=20240727T022211
[2024-07-27 02:22:11,452] {taskinstance.py:1265} INFO - 1 downstream tasks scheduled from follow-on schedule check
[2024-07-27 02:22:11,483] {local_task_job.py:149} INFO - Task exited with return code 0
