[2024-07-27 01:48:38,243] {taskinstance.py:896} INFO - Dependencies all met for <TaskInstance: grillos_operations.create_tables 2024-07-27T01:48:34.813646+00:00 [queued]>
[2024-07-27 01:48:38,260] {taskinstance.py:896} INFO - Dependencies all met for <TaskInstance: grillos_operations.create_tables 2024-07-27T01:48:34.813646+00:00 [queued]>
[2024-07-27 01:48:38,260] {taskinstance.py:1087} INFO - 
--------------------------------------------------------------------------------
[2024-07-27 01:48:38,261] {taskinstance.py:1088} INFO - Starting attempt 1 of 4
[2024-07-27 01:48:38,262] {taskinstance.py:1089} INFO - 
--------------------------------------------------------------------------------
[2024-07-27 01:48:38,281] {taskinstance.py:1107} INFO - Executing <Task(PostgresOperator): create_tables> on 2024-07-27T01:48:34.813646+00:00
[2024-07-27 01:48:38,284] {standard_task_runner.py:52} INFO - Started process 181 to run task
[2024-07-27 01:48:38,287] {standard_task_runner.py:76} INFO - Running: ['airflow', 'tasks', 'run', 'grillos_operations', 'create_tables', '2024-07-27T01:48:34.813646+00:00', '--job-id', '38', '--pool', 'default_pool', '--raw', '--subdir', 'DAGS_FOLDER/dag1.py', '--cfg-path', '/tmp/tmpt5dnqy42', '--error-file', '/tmp/tmpt14wx7wx']
[2024-07-27 01:48:38,289] {standard_task_runner.py:77} INFO - Job 38: Subtask create_tables
[2024-07-27 01:48:38,335] {logging_mixin.py:104} INFO - Running <TaskInstance: grillos_operations.create_tables 2024-07-27T01:48:34.813646+00:00 [running]> on host af0979500140
[2024-07-27 01:48:38,404] {taskinstance.py:1302} INFO - Exporting the following env vars:
AIRFLOW_CTX_DAG_OWNER=airflow
AIRFLOW_CTX_DAG_ID=grillos_operations
AIRFLOW_CTX_TASK_ID=create_tables
AIRFLOW_CTX_EXECUTION_DATE=2024-07-27T01:48:34.813646+00:00
AIRFLOW_CTX_DAG_RUN_ID=manual__2024-07-27T01:48:34.813646+00:00
[2024-07-27 01:48:38,405] {postgres.py:68} INFO - Executing: 
    BEGIN;
    CREATE TABLE IF NOT EXISTS bronze.raw_grillos (
        id VARCHAR PRIMARY KEY,
        counter INTEGER,
        fecha_registro DATE,
        fecha_nacimiento DATE,
        tipo CHAR(1),
        volumen FLOAT
    );
    COMMIT;
    
[2024-07-27 01:48:38,416] {base.py:78} INFO - Using connection to: id: ***_grillos. Host: ***_warehouse, Port: 5432, Schema: warehouse, Login: ***, Password: ***, extra: {}
[2024-07-27 01:48:38,422] {dbapi.py:204} INFO - Running statement: 
    BEGIN;
    CREATE TABLE IF NOT EXISTS bronze.raw_grillos (
        id VARCHAR PRIMARY KEY,
        counter INTEGER,
        fecha_registro DATE,
        fecha_nacimiento DATE,
        tipo CHAR(1),
        volumen FLOAT
    );
    COMMIT;
    , parameters: None
[2024-07-27 01:48:38,426] {postgres.py:72} INFO - WARNING:  there is already a transaction in progress

[2024-07-27 01:48:38,427] {postgres.py:72} INFO - NOTICE:  relation "raw_grillos" already exists, skipping

[2024-07-27 01:48:38,427] {postgres.py:72} INFO - WARNING:  there is no transaction in progress

[2024-07-27 01:48:38,446] {taskinstance.py:1211} INFO - Marking task as SUCCESS. dag_id=grillos_operations, task_id=create_tables, execution_date=20240727T014834, start_date=20240727T014838, end_date=20240727T014838
[2024-07-27 01:48:38,491] {taskinstance.py:1265} INFO - 1 downstream tasks scheduled from follow-on schedule check
[2024-07-27 01:48:38,539] {local_task_job.py:149} INFO - Task exited with return code 0
