[2024-07-26 23:52:37,636] {taskinstance.py:896} INFO - Dependencies all met for <TaskInstance: grillos_operations.create_tables 2024-07-26T23:52:34.530473+00:00 [queued]>
[2024-07-26 23:52:37,674] {taskinstance.py:896} INFO - Dependencies all met for <TaskInstance: grillos_operations.create_tables 2024-07-26T23:52:34.530473+00:00 [queued]>
[2024-07-26 23:52:37,675] {taskinstance.py:1087} INFO - 
--------------------------------------------------------------------------------
[2024-07-26 23:52:37,676] {taskinstance.py:1088} INFO - Starting attempt 1 of 4
[2024-07-26 23:52:37,677] {taskinstance.py:1089} INFO - 
--------------------------------------------------------------------------------
[2024-07-26 23:52:37,693] {taskinstance.py:1107} INFO - Executing <Task(PostgresOperator): create_tables> on 2024-07-26T23:52:34.530473+00:00
[2024-07-26 23:52:37,697] {standard_task_runner.py:52} INFO - Started process 181 to run task
[2024-07-26 23:52:37,701] {standard_task_runner.py:76} INFO - Running: ['airflow', 'tasks', 'run', 'grillos_operations', 'create_tables', '2024-07-26T23:52:34.530473+00:00', '--job-id', '3', '--pool', 'default_pool', '--raw', '--subdir', 'DAGS_FOLDER/dag1.py', '--cfg-path', '/tmp/tmpy2yp85ul', '--error-file', '/tmp/tmps1t7_ep7']
[2024-07-26 23:52:37,706] {standard_task_runner.py:77} INFO - Job 3: Subtask create_tables
[2024-07-26 23:52:37,766] {logging_mixin.py:104} INFO - Running <TaskInstance: grillos_operations.create_tables 2024-07-26T23:52:34.530473+00:00 [running]> on host fee43ec9a3f6
[2024-07-26 23:52:37,845] {taskinstance.py:1302} INFO - Exporting the following env vars:
AIRFLOW_CTX_DAG_OWNER=airflow
AIRFLOW_CTX_DAG_ID=grillos_operations
AIRFLOW_CTX_TASK_ID=create_tables
AIRFLOW_CTX_EXECUTION_DATE=2024-07-26T23:52:34.530473+00:00
AIRFLOW_CTX_DAG_RUN_ID=manual__2024-07-26T23:52:34.530473+00:00
[2024-07-26 23:52:37,846] {postgres.py:68} INFO - Executing: 
    BEGIN;
    CREATE TABLE IF NOT EXISTS bronze.raw_grillos (
        id VARCHAR PRIMARY KEY,
        counter INTEGER,
        fecha_registro DATE,
        fecha_nacimiento DATE,
        tipo CHAR(1),
        volumen FLOAT
    );
    COMMIT;
    
[2024-07-26 23:52:37,858] {base.py:78} INFO - Using connection to: id: ***_grillos. Host: ***_warehouse, Port: 5432, Schema: warehouse, Login: ***, Password: ***, extra: {}
[2024-07-26 23:52:37,864] {dbapi.py:204} INFO - Running statement: 
    BEGIN;
    CREATE TABLE IF NOT EXISTS bronze.raw_grillos (
        id VARCHAR PRIMARY KEY,
        counter INTEGER,
        fecha_registro DATE,
        fecha_nacimiento DATE,
        tipo CHAR(1),
        volumen FLOAT
    );
    COMMIT;
    , parameters: None
[2024-07-26 23:52:37,866] {postgres.py:72} INFO - WARNING:  there is already a transaction in progress

[2024-07-26 23:52:37,869] {postgres.py:72} INFO - NOTICE:  relation "raw_grillos" already exists, skipping

[2024-07-26 23:52:37,871] {postgres.py:72} INFO - WARNING:  there is no transaction in progress

[2024-07-26 23:52:37,886] {taskinstance.py:1211} INFO - Marking task as SUCCESS. dag_id=grillos_operations, task_id=create_tables, execution_date=20240726T235234, start_date=20240726T235237, end_date=20240726T235237
[2024-07-26 23:52:37,933] {taskinstance.py:1265} INFO - 1 downstream tasks scheduled from follow-on schedule check
[2024-07-26 23:52:37,954] {local_task_job.py:149} INFO - Task exited with return code 0
