[2024-07-27 01:23:34,092] {taskinstance.py:896} INFO - Dependencies all met for <TaskInstance: grillos_operations.grant_privileges 2024-07-27T01:23:28.685356+00:00 [queued]>
[2024-07-27 01:23:34,126] {taskinstance.py:896} INFO - Dependencies all met for <TaskInstance: grillos_operations.grant_privileges 2024-07-27T01:23:28.685356+00:00 [queued]>
[2024-07-27 01:23:34,127] {taskinstance.py:1087} INFO - 
--------------------------------------------------------------------------------
[2024-07-27 01:23:34,128] {taskinstance.py:1088} INFO - Starting attempt 1 of 4
[2024-07-27 01:23:34,128] {taskinstance.py:1089} INFO - 
--------------------------------------------------------------------------------
[2024-07-27 01:23:34,150] {taskinstance.py:1107} INFO - Executing <Task(PostgresOperator): grant_privileges> on 2024-07-27T01:23:28.685356+00:00
[2024-07-27 01:23:34,158] {standard_task_runner.py:52} INFO - Started process 193 to run task
[2024-07-27 01:23:34,164] {standard_task_runner.py:76} INFO - Running: ['airflow', 'tasks', 'run', 'grillos_operations', 'grant_privileges', '2024-07-27T01:23:28.685356+00:00', '--job-id', '14', '--pool', 'default_pool', '--raw', '--subdir', 'DAGS_FOLDER/dag1.py', '--cfg-path', '/tmp/tmp7t1yk0o3', '--error-file', '/tmp/tmp2aj9o5c0']
[2024-07-27 01:23:34,170] {standard_task_runner.py:77} INFO - Job 14: Subtask grant_privileges
[2024-07-27 01:23:34,305] {logging_mixin.py:104} INFO - Running <TaskInstance: grillos_operations.grant_privileges 2024-07-27T01:23:28.685356+00:00 [running]> on host 3c41c82aeeaa
[2024-07-27 01:23:34,481] {taskinstance.py:1302} INFO - Exporting the following env vars:
AIRFLOW_CTX_DAG_OWNER=airflow
AIRFLOW_CTX_DAG_ID=grillos_operations
AIRFLOW_CTX_TASK_ID=grant_privileges
AIRFLOW_CTX_EXECUTION_DATE=2024-07-27T01:23:28.685356+00:00
AIRFLOW_CTX_DAG_RUN_ID=manual__2024-07-27T01:23:28.685356+00:00
[2024-07-27 01:23:34,483] {postgres.py:68} INFO - Executing: 
    BEGIN;
    GRANT USAGE ON SCHEMA bronze TO dataengineer;
    GRANT USAGE ON SCHEMA silver TO dataengineer;
    GRANT USAGE ON SCHEMA gold TO dataengineer;
    GRANT SELECT ON ALL TABLES IN SCHEMA bronze TO dataengineer;
    GRANT SELECT ON ALL TABLES IN SCHEMA silver TO dataengineer;
    GRANT SELECT ON ALL TABLES IN SCHEMA gold TO dataengineer;
    ALTER DEFAULT PRIVILEGES IN SCHEMA bronze GRANT SELECT ON TABLES TO ***;
    ALTER DEFAULT PRIVILEGES IN SCHEMA silver GRANT SELECT ON TABLES TO ***;
    ALTER DEFAULT PRIVILEGES IN SCHEMA gold GRANT SELECT ON TABLES TO ***;
    COMMIT;
    
[2024-07-27 01:23:34,506] {base.py:78} INFO - Using connection to: id: ***_grillos. Host: ***_warehouse, Port: 5432, Schema: warehouse, Login: ***, Password: ***, extra: {}
[2024-07-27 01:23:34,516] {dbapi.py:204} INFO - Running statement: 
    BEGIN;
    GRANT USAGE ON SCHEMA bronze TO dataengineer;
    GRANT USAGE ON SCHEMA silver TO dataengineer;
    GRANT USAGE ON SCHEMA gold TO dataengineer;
    GRANT SELECT ON ALL TABLES IN SCHEMA bronze TO dataengineer;
    GRANT SELECT ON ALL TABLES IN SCHEMA silver TO dataengineer;
    GRANT SELECT ON ALL TABLES IN SCHEMA gold TO dataengineer;
    ALTER DEFAULT PRIVILEGES IN SCHEMA bronze GRANT SELECT ON TABLES TO ***;
    ALTER DEFAULT PRIVILEGES IN SCHEMA silver GRANT SELECT ON TABLES TO ***;
    ALTER DEFAULT PRIVILEGES IN SCHEMA gold GRANT SELECT ON TABLES TO ***;
    COMMIT;
    , parameters: None
[2024-07-27 01:23:34,525] {postgres.py:72} INFO - WARNING:  there is already a transaction in progress

[2024-07-27 01:23:34,527] {postgres.py:72} INFO - WARNING:  there is no transaction in progress

[2024-07-27 01:23:34,581] {taskinstance.py:1211} INFO - Marking task as SUCCESS. dag_id=grillos_operations, task_id=grant_privileges, execution_date=20240727T012328, start_date=20240727T012334, end_date=20240727T012334
[2024-07-27 01:23:34,672] {taskinstance.py:1265} INFO - 1 downstream tasks scheduled from follow-on schedule check
[2024-07-27 01:23:34,698] {local_task_job.py:149} INFO - Task exited with return code 0
