[2024-07-27 02:55:27,419] {taskinstance.py:896} INFO - Dependencies all met for <TaskInstance: grillos_operations.create_tables 2024-07-27T02:55:24.555452+00:00 [queued]>
[2024-07-27 02:55:27,437] {taskinstance.py:896} INFO - Dependencies all met for <TaskInstance: grillos_operations.create_tables 2024-07-27T02:55:24.555452+00:00 [queued]>
[2024-07-27 02:55:27,438] {taskinstance.py:1087} INFO - 
--------------------------------------------------------------------------------
[2024-07-27 02:55:27,438] {taskinstance.py:1088} INFO - Starting attempt 1 of 4
[2024-07-27 02:55:27,439] {taskinstance.py:1089} INFO - 
--------------------------------------------------------------------------------
[2024-07-27 02:55:27,462] {taskinstance.py:1107} INFO - Executing <Task(PostgresOperator): create_tables> on 2024-07-27T02:55:24.555452+00:00
[2024-07-27 02:55:27,466] {standard_task_runner.py:52} INFO - Started process 997 to run task
[2024-07-27 02:55:27,470] {standard_task_runner.py:76} INFO - Running: ['airflow', 'tasks', 'run', 'grillos_operations', 'create_tables', '2024-07-27T02:55:24.555452+00:00', '--job-id', '102', '--pool', 'default_pool', '--raw', '--subdir', 'DAGS_FOLDER/dag1.py', '--cfg-path', '/tmp/tmpuf1i2upb', '--error-file', '/tmp/tmp9r2uzfa4']
[2024-07-27 02:55:27,476] {standard_task_runner.py:77} INFO - Job 102: Subtask create_tables
[2024-07-27 02:55:27,534] {logging_mixin.py:104} INFO - Running <TaskInstance: grillos_operations.create_tables 2024-07-27T02:55:24.555452+00:00 [running]> on host af0979500140
[2024-07-27 02:55:27,614] {taskinstance.py:1302} INFO - Exporting the following env vars:
AIRFLOW_CTX_DAG_OWNER=airflow
AIRFLOW_CTX_DAG_ID=grillos_operations
AIRFLOW_CTX_TASK_ID=create_tables
AIRFLOW_CTX_EXECUTION_DATE=2024-07-27T02:55:24.555452+00:00
AIRFLOW_CTX_DAG_RUN_ID=manual__2024-07-27T02:55:24.555452+00:00
[2024-07-27 02:55:27,615] {postgres.py:68} INFO - Executing: 
    BEGIN;
    CREATE TABLE IF NOT EXISTS bronze.raw_grillos (
        id VARCHAR PRIMARY KEY,
        counter INTEGER,
        fecha_registro DATE,
        fecha_nacimiento DATE,
        tipo CHAR(1),
        volumen FLOAT
    );
    COMMIT;
    
[2024-07-27 02:55:27,632] {base.py:78} INFO - Using connection to: id: ***_grillos. Host: ***_warehouse, Port: 5432, Schema: warehouse, Login: ***, Password: ***, extra: {}
[2024-07-27 02:55:27,639] {dbapi.py:204} INFO - Running statement: 
    BEGIN;
    CREATE TABLE IF NOT EXISTS bronze.raw_grillos (
        id VARCHAR PRIMARY KEY,
        counter INTEGER,
        fecha_registro DATE,
        fecha_nacimiento DATE,
        tipo CHAR(1),
        volumen FLOAT
    );
    COMMIT;
    , parameters: None
[2024-07-27 02:55:27,646] {postgres.py:72} INFO - WARNING:  there is already a transaction in progress

[2024-07-27 02:55:27,648] {postgres.py:72} INFO - NOTICE:  relation "raw_grillos" already exists, skipping

[2024-07-27 02:55:27,651] {postgres.py:72} INFO - WARNING:  there is no transaction in progress

[2024-07-27 02:55:27,673] {taskinstance.py:1211} INFO - Marking task as SUCCESS. dag_id=grillos_operations, task_id=create_tables, execution_date=20240727T025524, start_date=20240727T025527, end_date=20240727T025527
[2024-07-27 02:55:27,744] {taskinstance.py:1265} INFO - 1 downstream tasks scheduled from follow-on schedule check
[2024-07-27 02:55:27,764] {local_task_job.py:149} INFO - Task exited with return code 0
