[2024-07-26 23:52:36,007] {taskinstance.py:896} INFO - Dependencies all met for <TaskInstance: grillos_operations.create_schemas 2024-07-26T23:52:34.530473+00:00 [queued]>
[2024-07-26 23:52:36,026] {taskinstance.py:896} INFO - Dependencies all met for <TaskInstance: grillos_operations.create_schemas 2024-07-26T23:52:34.530473+00:00 [queued]>
[2024-07-26 23:52:36,027] {taskinstance.py:1087} INFO - 
--------------------------------------------------------------------------------
[2024-07-26 23:52:36,028] {taskinstance.py:1088} INFO - Starting attempt 1 of 4
[2024-07-26 23:52:36,028] {taskinstance.py:1089} INFO - 
--------------------------------------------------------------------------------
[2024-07-26 23:52:36,040] {taskinstance.py:1107} INFO - Executing <Task(PostgresOperator): create_schemas> on 2024-07-26T23:52:34.530473+00:00
[2024-07-26 23:52:36,043] {standard_task_runner.py:52} INFO - Started process 179 to run task
[2024-07-26 23:52:36,047] {standard_task_runner.py:76} INFO - Running: ['airflow', 'tasks', 'run', 'grillos_operations', 'create_schemas', '2024-07-26T23:52:34.530473+00:00', '--job-id', '2', '--pool', 'default_pool', '--raw', '--subdir', 'DAGS_FOLDER/dag1.py', '--cfg-path', '/tmp/tmp5qi_5d02', '--error-file', '/tmp/tmpjdnpe8we']
[2024-07-26 23:52:36,052] {standard_task_runner.py:77} INFO - Job 2: Subtask create_schemas
[2024-07-26 23:52:36,100] {logging_mixin.py:104} INFO - Running <TaskInstance: grillos_operations.create_schemas 2024-07-26T23:52:34.530473+00:00 [running]> on host fee43ec9a3f6
[2024-07-26 23:52:36,170] {taskinstance.py:1302} INFO - Exporting the following env vars:
AIRFLOW_CTX_DAG_OWNER=airflow
AIRFLOW_CTX_DAG_ID=grillos_operations
AIRFLOW_CTX_TASK_ID=create_schemas
AIRFLOW_CTX_EXECUTION_DATE=2024-07-26T23:52:34.530473+00:00
AIRFLOW_CTX_DAG_RUN_ID=manual__2024-07-26T23:52:34.530473+00:00
[2024-07-26 23:52:36,171] {postgres.py:68} INFO - Executing: 
    BEGIN;
    CREATE SCHEMA IF NOT EXISTS bronze;
    CREATE SCHEMA IF NOT EXISTS silver;
    CREATE SCHEMA IF NOT EXISTS gold;
    COMMIT;
    
[2024-07-26 23:52:36,182] {base.py:78} INFO - Using connection to: id: ***_grillos. Host: ***_warehouse, Port: 5432, Schema: warehouse, Login: ***, Password: ***, extra: {}
[2024-07-26 23:52:36,188] {dbapi.py:204} INFO - Running statement: 
    BEGIN;
    CREATE SCHEMA IF NOT EXISTS bronze;
    CREATE SCHEMA IF NOT EXISTS silver;
    CREATE SCHEMA IF NOT EXISTS gold;
    COMMIT;
    , parameters: None
[2024-07-26 23:52:36,191] {postgres.py:72} INFO - WARNING:  there is already a transaction in progress

[2024-07-26 23:52:36,193] {postgres.py:72} INFO - NOTICE:  schema "bronze" already exists, skipping

[2024-07-26 23:52:36,194] {postgres.py:72} INFO - NOTICE:  schema "silver" already exists, skipping

[2024-07-26 23:52:36,194] {postgres.py:72} INFO - NOTICE:  schema "gold" already exists, skipping

[2024-07-26 23:52:36,195] {postgres.py:72} INFO - WARNING:  there is no transaction in progress

[2024-07-26 23:52:36,206] {taskinstance.py:1211} INFO - Marking task as SUCCESS. dag_id=grillos_operations, task_id=create_schemas, execution_date=20240726T235234, start_date=20240726T235236, end_date=20240726T235236
[2024-07-26 23:52:36,249] {taskinstance.py:1265} INFO - 1 downstream tasks scheduled from follow-on schedule check
[2024-07-26 23:52:36,259] {local_task_job.py:149} INFO - Task exited with return code 0
