[2024-07-27 02:55:28,569] {taskinstance.py:896} INFO - Dependencies all met for <TaskInstance: grillos_operations.grant_privileges 2024-07-27T02:55:24.555452+00:00 [queued]>
[2024-07-27 02:55:28,585] {taskinstance.py:896} INFO - Dependencies all met for <TaskInstance: grillos_operations.grant_privileges 2024-07-27T02:55:24.555452+00:00 [queued]>
[2024-07-27 02:55:28,586] {taskinstance.py:1087} INFO - 
--------------------------------------------------------------------------------
[2024-07-27 02:55:28,586] {taskinstance.py:1088} INFO - Starting attempt 1 of 4
[2024-07-27 02:55:28,587] {taskinstance.py:1089} INFO - 
--------------------------------------------------------------------------------
[2024-07-27 02:55:28,607] {taskinstance.py:1107} INFO - Executing <Task(PostgresOperator): grant_privileges> on 2024-07-27T02:55:24.555452+00:00
[2024-07-27 02:55:28,611] {standard_task_runner.py:52} INFO - Started process 999 to run task
[2024-07-27 02:55:28,615] {standard_task_runner.py:76} INFO - Running: ['airflow', 'tasks', 'run', 'grillos_operations', 'grant_privileges', '2024-07-27T02:55:24.555452+00:00', '--job-id', '103', '--pool', 'default_pool', '--raw', '--subdir', 'DAGS_FOLDER/dag1.py', '--cfg-path', '/tmp/tmp6fttbixa', '--error-file', '/tmp/tmp9aqgie6a']
[2024-07-27 02:55:28,619] {standard_task_runner.py:77} INFO - Job 103: Subtask grant_privileges
[2024-07-27 02:55:28,683] {logging_mixin.py:104} INFO - Running <TaskInstance: grillos_operations.grant_privileges 2024-07-27T02:55:24.555452+00:00 [running]> on host af0979500140
[2024-07-27 02:55:28,789] {taskinstance.py:1302} INFO - Exporting the following env vars:
AIRFLOW_CTX_DAG_OWNER=airflow
AIRFLOW_CTX_DAG_ID=grillos_operations
AIRFLOW_CTX_TASK_ID=grant_privileges
AIRFLOW_CTX_EXECUTION_DATE=2024-07-27T02:55:24.555452+00:00
AIRFLOW_CTX_DAG_RUN_ID=manual__2024-07-27T02:55:24.555452+00:00
[2024-07-27 02:55:28,791] {postgres.py:68} INFO - Executing: 
    BEGIN;
    GRANT USAGE ON SCHEMA bronze TO dataengineer;
    GRANT USAGE ON SCHEMA silver TO dataengineer;
    GRANT USAGE ON SCHEMA gold TO dataengineer;
    GRANT SELECT ON ALL TABLES IN SCHEMA bronze TO dataengineer;
    GRANT SELECT ON ALL TABLES IN SCHEMA silver TO dataengineer;
    GRANT SELECT ON ALL TABLES IN SCHEMA gold TO dataengineer;
    ALTER DEFAULT PRIVILEGES IN SCHEMA bronze GRANT SELECT ON TABLES TO ***;
    ALTER DEFAULT PRIVILEGES IN SCHEMA silver GRANT SELECT ON TABLES TO ***;
    ALTER DEFAULT PRIVILEGES IN SCHEMA gold GRANT SELECT ON TABLES TO ***;
    COMMIT;
    
[2024-07-27 02:55:28,809] {base.py:78} INFO - Using connection to: id: ***_grillos. Host: ***_warehouse, Port: 5432, Schema: warehouse, Login: ***, Password: ***, extra: {}
[2024-07-27 02:55:28,818] {dbapi.py:204} INFO - Running statement: 
    BEGIN;
    GRANT USAGE ON SCHEMA bronze TO dataengineer;
    GRANT USAGE ON SCHEMA silver TO dataengineer;
    GRANT USAGE ON SCHEMA gold TO dataengineer;
    GRANT SELECT ON ALL TABLES IN SCHEMA bronze TO dataengineer;
    GRANT SELECT ON ALL TABLES IN SCHEMA silver TO dataengineer;
    GRANT SELECT ON ALL TABLES IN SCHEMA gold TO dataengineer;
    ALTER DEFAULT PRIVILEGES IN SCHEMA bronze GRANT SELECT ON TABLES TO ***;
    ALTER DEFAULT PRIVILEGES IN SCHEMA silver GRANT SELECT ON TABLES TO ***;
    ALTER DEFAULT PRIVILEGES IN SCHEMA gold GRANT SELECT ON TABLES TO ***;
    COMMIT;
    , parameters: None
[2024-07-27 02:55:28,858] {postgres.py:72} INFO - WARNING:  there is already a transaction in progress

[2024-07-27 02:55:28,867] {postgres.py:72} INFO - WARNING:  there is no transaction in progress

[2024-07-27 02:55:28,907] {taskinstance.py:1211} INFO - Marking task as SUCCESS. dag_id=grillos_operations, task_id=grant_privileges, execution_date=20240727T025524, start_date=20240727T025528, end_date=20240727T025528
[2024-07-27 02:55:28,961] {taskinstance.py:1265} INFO - 1 downstream tasks scheduled from follow-on schedule check
[2024-07-27 02:55:28,990] {local_task_job.py:149} INFO - Task exited with return code 0
