[2024-07-27 02:25:26,785] {taskinstance.py:896} INFO - Dependencies all met for <TaskInstance: grillos_operations.copy_data 2024-07-27T01:25:19.563884+00:00 [queued]>
[2024-07-27 02:25:26,812] {taskinstance.py:896} INFO - Dependencies all met for <TaskInstance: grillos_operations.copy_data 2024-07-27T01:25:19.563884+00:00 [queued]>
[2024-07-27 02:25:26,813] {taskinstance.py:1087} INFO - 
--------------------------------------------------------------------------------
[2024-07-27 02:25:26,813] {taskinstance.py:1088} INFO - Starting attempt 5 of 8
[2024-07-27 02:25:26,814] {taskinstance.py:1089} INFO - 
--------------------------------------------------------------------------------
[2024-07-27 02:25:26,839] {taskinstance.py:1107} INFO - Executing <Task(PostgresOperator): copy_data> on 2024-07-27T01:25:19.563884+00:00
[2024-07-27 02:25:26,846] {standard_task_runner.py:52} INFO - Started process 641 to run task
[2024-07-27 02:25:26,851] {standard_task_runner.py:76} INFO - Running: ['airflow', 'tasks', 'run', 'grillos_operations', 'copy_data', '2024-07-27T01:25:19.563884+00:00', '--job-id', '74', '--pool', 'default_pool', '--raw', '--subdir', 'DAGS_FOLDER/dag1.py', '--cfg-path', '/tmp/tmpdqv2rd46', '--error-file', '/tmp/tmp64udwxv_']
[2024-07-27 02:25:26,861] {standard_task_runner.py:77} INFO - Job 74: Subtask copy_data
[2024-07-27 02:25:26,931] {logging_mixin.py:104} INFO - Running <TaskInstance: grillos_operations.copy_data 2024-07-27T01:25:19.563884+00:00 [running]> on host af0979500140
[2024-07-27 02:25:27,030] {taskinstance.py:1302} INFO - Exporting the following env vars:
AIRFLOW_CTX_DAG_OWNER=airflow
AIRFLOW_CTX_DAG_ID=grillos_operations
AIRFLOW_CTX_TASK_ID=copy_data
AIRFLOW_CTX_EXECUTION_DATE=2024-07-27T01:25:19.563884+00:00
AIRFLOW_CTX_DAG_RUN_ID=manual__2024-07-27T01:25:19.563884+00:00
[2024-07-27 02:25:27,031] {postgres.py:68} INFO - Executing: 
    BEGIN;
    CREATE TEMP TABLE tmp_grillos AS TABLE bronze.raw_grillos WITH NO DATA;
    
    COPY tmp_grillos (id, counter, fecha_registro, fecha_nacimiento, tipo, volumen)
    FROM '/import/data_grillos.csv'
    DELIMITER ','
    CSV HEADER;

    INSERT INTO bronze.raw_grillos (id, counter, fecha_registro, fecha_nacimiento, tipo, volumen)
    SELECT id, counter, fecha_registro, fecha_nacimiento, tipo, volumen
    FROM tmp_grillos
    ON CONFLICT (id) DO NOTHING;

    DROP TABLE tmp_grillos;
    COMMIT;
    
[2024-07-27 02:25:27,047] {base.py:78} INFO - Using connection to: id: ***_grillos. Host: ***_warehouse, Port: 5432, Schema: warehouse, Login: ***, Password: ***, extra: {}
[2024-07-27 02:25:27,059] {dbapi.py:204} INFO - Running statement: 
    BEGIN;
    CREATE TEMP TABLE tmp_grillos AS TABLE bronze.raw_grillos WITH NO DATA;
    
    COPY tmp_grillos (id, counter, fecha_registro, fecha_nacimiento, tipo, volumen)
    FROM '/import/data_grillos.csv'
    DELIMITER ','
    CSV HEADER;

    INSERT INTO bronze.raw_grillos (id, counter, fecha_registro, fecha_nacimiento, tipo, volumen)
    SELECT id, counter, fecha_registro, fecha_nacimiento, tipo, volumen
    FROM tmp_grillos
    ON CONFLICT (id) DO NOTHING;

    DROP TABLE tmp_grillos;
    COMMIT;
    , parameters: None
[2024-07-27 02:25:27,085] {postgres.py:72} INFO - WARNING:  there is already a transaction in progress

[2024-07-27 02:25:27,087] {postgres.py:72} INFO - WARNING:  there is no transaction in progress

[2024-07-27 02:25:27,108] {taskinstance.py:1211} INFO - Marking task as SUCCESS. dag_id=grillos_operations, task_id=copy_data, execution_date=20240727T012519, start_date=20240727T022526, end_date=20240727T022527
[2024-07-27 02:25:27,182] {taskinstance.py:1265} INFO - 1 downstream tasks scheduled from follow-on schedule check
[2024-07-27 02:25:27,232] {local_task_job.py:149} INFO - Task exited with return code 0
