[2024-07-27 03:00:27,541] {taskinstance.py:896} INFO - Dependencies all met for <TaskInstance: grillos_operations.create_tables 2024-07-27T03:00:24.278702+00:00 [queued]>
[2024-07-27 03:00:27,569] {taskinstance.py:896} INFO - Dependencies all met for <TaskInstance: grillos_operations.create_tables 2024-07-27T03:00:24.278702+00:00 [queued]>
[2024-07-27 03:00:27,570] {taskinstance.py:1087} INFO - 
--------------------------------------------------------------------------------
[2024-07-27 03:00:27,571] {taskinstance.py:1088} INFO - Starting attempt 1 of 4
[2024-07-27 03:00:27,571] {taskinstance.py:1089} INFO - 
--------------------------------------------------------------------------------
[2024-07-27 03:00:27,589] {taskinstance.py:1107} INFO - Executing <Task(PostgresOperator): create_tables> on 2024-07-27T03:00:24.278702+00:00
[2024-07-27 03:00:27,595] {standard_task_runner.py:52} INFO - Started process 176 to run task
[2024-07-27 03:00:27,600] {standard_task_runner.py:76} INFO - Running: ['airflow', 'tasks', 'run', 'grillos_operations', 'create_tables', '2024-07-27T03:00:24.278702+00:00', '--job-id', '109', '--pool', 'default_pool', '--raw', '--subdir', 'DAGS_FOLDER/dag1.py', '--cfg-path', '/tmp/tmpr_l_336v', '--error-file', '/tmp/tmpb82znd94']
[2024-07-27 03:00:27,603] {standard_task_runner.py:77} INFO - Job 109: Subtask create_tables
[2024-07-27 03:00:27,657] {logging_mixin.py:104} INFO - Running <TaskInstance: grillos_operations.create_tables 2024-07-27T03:00:24.278702+00:00 [running]> on host 975ad0305def
[2024-07-27 03:00:27,747] {taskinstance.py:1302} INFO - Exporting the following env vars:
AIRFLOW_CTX_DAG_OWNER=airflow
AIRFLOW_CTX_DAG_ID=grillos_operations
AIRFLOW_CTX_TASK_ID=create_tables
AIRFLOW_CTX_EXECUTION_DATE=2024-07-27T03:00:24.278702+00:00
AIRFLOW_CTX_DAG_RUN_ID=manual__2024-07-27T03:00:24.278702+00:00
[2024-07-27 03:00:27,748] {postgres.py:68} INFO - Executing: 
    BEGIN;
    CREATE TABLE IF NOT EXISTS bronze.raw_grillos (
        id VARCHAR PRIMARY KEY,
        counter INTEGER,
        fecha_registro DATE,
        fecha_nacimiento DATE,
        tipo CHAR(1),
        volumen FLOAT
    );
    COMMIT;
    
[2024-07-27 03:00:27,762] {base.py:78} INFO - Using connection to: id: ***_grillos. Host: ***_warehouse, Port: 5432, Schema: warehouse, Login: ***, Password: ***, extra: {}
[2024-07-27 03:00:27,768] {dbapi.py:204} INFO - Running statement: 
    BEGIN;
    CREATE TABLE IF NOT EXISTS bronze.raw_grillos (
        id VARCHAR PRIMARY KEY,
        counter INTEGER,
        fecha_registro DATE,
        fecha_nacimiento DATE,
        tipo CHAR(1),
        volumen FLOAT
    );
    COMMIT;
    , parameters: None
[2024-07-27 03:00:27,770] {postgres.py:72} INFO - WARNING:  there is already a transaction in progress

[2024-07-27 03:00:27,773] {postgres.py:72} INFO - NOTICE:  relation "raw_grillos" already exists, skipping

[2024-07-27 03:00:27,774] {postgres.py:72} INFO - WARNING:  there is no transaction in progress

[2024-07-27 03:00:27,799] {taskinstance.py:1211} INFO - Marking task as SUCCESS. dag_id=grillos_operations, task_id=create_tables, execution_date=20240727T030024, start_date=20240727T030027, end_date=20240727T030027
[2024-07-27 03:00:27,867] {taskinstance.py:1265} INFO - 1 downstream tasks scheduled from follow-on schedule check
[2024-07-27 03:00:27,892] {local_task_job.py:149} INFO - Task exited with return code 0
