[2024-07-27 03:00:28,660] {taskinstance.py:896} INFO - Dependencies all met for <TaskInstance: grillos_operations.grant_privileges 2024-07-27T03:00:24.278702+00:00 [queued]>
[2024-07-27 03:00:28,685] {taskinstance.py:896} INFO - Dependencies all met for <TaskInstance: grillos_operations.grant_privileges 2024-07-27T03:00:24.278702+00:00 [queued]>
[2024-07-27 03:00:28,685] {taskinstance.py:1087} INFO - 
--------------------------------------------------------------------------------
[2024-07-27 03:00:28,685] {taskinstance.py:1088} INFO - Starting attempt 1 of 4
[2024-07-27 03:00:28,686] {taskinstance.py:1089} INFO - 
--------------------------------------------------------------------------------
[2024-07-27 03:00:28,697] {taskinstance.py:1107} INFO - Executing <Task(PostgresOperator): grant_privileges> on 2024-07-27T03:00:24.278702+00:00
[2024-07-27 03:00:28,702] {standard_task_runner.py:52} INFO - Started process 178 to run task
[2024-07-27 03:00:28,706] {standard_task_runner.py:76} INFO - Running: ['airflow', 'tasks', 'run', 'grillos_operations', 'grant_privileges', '2024-07-27T03:00:24.278702+00:00', '--job-id', '110', '--pool', 'default_pool', '--raw', '--subdir', 'DAGS_FOLDER/dag1.py', '--cfg-path', '/tmp/tmp1_52l0k4', '--error-file', '/tmp/tmp9v_jow0n']
[2024-07-27 03:00:28,710] {standard_task_runner.py:77} INFO - Job 110: Subtask grant_privileges
[2024-07-27 03:00:28,774] {logging_mixin.py:104} INFO - Running <TaskInstance: grillos_operations.grant_privileges 2024-07-27T03:00:24.278702+00:00 [running]> on host 975ad0305def
[2024-07-27 03:00:28,879] {taskinstance.py:1302} INFO - Exporting the following env vars:
AIRFLOW_CTX_DAG_OWNER=airflow
AIRFLOW_CTX_DAG_ID=grillos_operations
AIRFLOW_CTX_TASK_ID=grant_privileges
AIRFLOW_CTX_EXECUTION_DATE=2024-07-27T03:00:24.278702+00:00
AIRFLOW_CTX_DAG_RUN_ID=manual__2024-07-27T03:00:24.278702+00:00
[2024-07-27 03:00:28,880] {postgres.py:68} INFO - Executing: 
    BEGIN;
    GRANT USAGE ON SCHEMA bronze TO dataengineer;
    GRANT USAGE ON SCHEMA silver TO dataengineer;
    GRANT USAGE ON SCHEMA gold TO dataengineer;
    GRANT SELECT ON ALL TABLES IN SCHEMA bronze TO dataengineer;
    GRANT SELECT ON ALL TABLES IN SCHEMA silver TO dataengineer;
    GRANT SELECT ON ALL TABLES IN SCHEMA gold TO dataengineer;
    ALTER DEFAULT PRIVILEGES IN SCHEMA bronze GRANT SELECT ON TABLES TO ***;
    ALTER DEFAULT PRIVILEGES IN SCHEMA silver GRANT SELECT ON TABLES TO ***;
    ALTER DEFAULT PRIVILEGES IN SCHEMA gold GRANT SELECT ON TABLES TO ***;
    COMMIT;
    
[2024-07-27 03:00:28,894] {base.py:78} INFO - Using connection to: id: ***_grillos. Host: ***_warehouse, Port: 5432, Schema: warehouse, Login: ***, Password: ***, extra: {}
[2024-07-27 03:00:28,901] {dbapi.py:204} INFO - Running statement: 
    BEGIN;
    GRANT USAGE ON SCHEMA bronze TO dataengineer;
    GRANT USAGE ON SCHEMA silver TO dataengineer;
    GRANT USAGE ON SCHEMA gold TO dataengineer;
    GRANT SELECT ON ALL TABLES IN SCHEMA bronze TO dataengineer;
    GRANT SELECT ON ALL TABLES IN SCHEMA silver TO dataengineer;
    GRANT SELECT ON ALL TABLES IN SCHEMA gold TO dataengineer;
    ALTER DEFAULT PRIVILEGES IN SCHEMA bronze GRANT SELECT ON TABLES TO ***;
    ALTER DEFAULT PRIVILEGES IN SCHEMA silver GRANT SELECT ON TABLES TO ***;
    ALTER DEFAULT PRIVILEGES IN SCHEMA gold GRANT SELECT ON TABLES TO ***;
    COMMIT;
    , parameters: None
[2024-07-27 03:00:28,911] {postgres.py:72} INFO - WARNING:  there is already a transaction in progress

[2024-07-27 03:00:28,912] {postgres.py:72} INFO - WARNING:  there is no transaction in progress

[2024-07-27 03:00:29,015] {taskinstance.py:1211} INFO - Marking task as SUCCESS. dag_id=grillos_operations, task_id=grant_privileges, execution_date=20240727T030024, start_date=20240727T030028, end_date=20240727T030029
[2024-07-27 03:00:29,074] {taskinstance.py:1265} INFO - 1 downstream tasks scheduled from follow-on schedule check
[2024-07-27 03:00:29,121] {local_task_job.py:149} INFO - Task exited with return code 0
