[2024-07-27 01:48:36,082] {taskinstance.py:896} INFO - Dependencies all met for <TaskInstance: grillos_operations.create_schemas 2024-07-27T01:48:34.813646+00:00 [queued]>
[2024-07-27 01:48:36,119] {taskinstance.py:896} INFO - Dependencies all met for <TaskInstance: grillos_operations.create_schemas 2024-07-27T01:48:34.813646+00:00 [queued]>
[2024-07-27 01:48:36,126] {taskinstance.py:1087} INFO - 
--------------------------------------------------------------------------------
[2024-07-27 01:48:36,130] {taskinstance.py:1088} INFO - Starting attempt 1 of 4
[2024-07-27 01:48:36,131] {taskinstance.py:1089} INFO - 
--------------------------------------------------------------------------------
[2024-07-27 01:48:36,184] {taskinstance.py:1107} INFO - Executing <Task(PostgresOperator): create_schemas> on 2024-07-27T01:48:34.813646+00:00
[2024-07-27 01:48:36,193] {standard_task_runner.py:52} INFO - Started process 179 to run task
[2024-07-27 01:48:36,202] {standard_task_runner.py:76} INFO - Running: ['airflow', 'tasks', 'run', 'grillos_operations', 'create_schemas', '2024-07-27T01:48:34.813646+00:00', '--job-id', '37', '--pool', 'default_pool', '--raw', '--subdir', 'DAGS_FOLDER/dag1.py', '--cfg-path', '/tmp/tmpqp2nvesr', '--error-file', '/tmp/tmp12hoan2f']
[2024-07-27 01:48:36,215] {standard_task_runner.py:77} INFO - Job 37: Subtask create_schemas
[2024-07-27 01:48:36,317] {logging_mixin.py:104} INFO - Running <TaskInstance: grillos_operations.create_schemas 2024-07-27T01:48:34.813646+00:00 [running]> on host af0979500140
[2024-07-27 01:48:36,465] {taskinstance.py:1302} INFO - Exporting the following env vars:
AIRFLOW_CTX_DAG_OWNER=airflow
AIRFLOW_CTX_DAG_ID=grillos_operations
AIRFLOW_CTX_TASK_ID=create_schemas
AIRFLOW_CTX_EXECUTION_DATE=2024-07-27T01:48:34.813646+00:00
AIRFLOW_CTX_DAG_RUN_ID=manual__2024-07-27T01:48:34.813646+00:00
[2024-07-27 01:48:36,466] {postgres.py:68} INFO - Executing: 
    BEGIN;
    CREATE SCHEMA IF NOT EXISTS bronze;
    CREATE SCHEMA IF NOT EXISTS silver;
    CREATE SCHEMA IF NOT EXISTS gold;
    COMMIT;
    
[2024-07-27 01:48:36,486] {base.py:78} INFO - Using connection to: id: ***_grillos. Host: ***_warehouse, Port: 5432, Schema: warehouse, Login: ***, Password: ***, extra: {}
[2024-07-27 01:48:36,495] {dbapi.py:204} INFO - Running statement: 
    BEGIN;
    CREATE SCHEMA IF NOT EXISTS bronze;
    CREATE SCHEMA IF NOT EXISTS silver;
    CREATE SCHEMA IF NOT EXISTS gold;
    COMMIT;
    , parameters: None
[2024-07-27 01:48:36,498] {postgres.py:72} INFO - WARNING:  there is already a transaction in progress

[2024-07-27 01:48:36,500] {postgres.py:72} INFO - NOTICE:  schema "bronze" already exists, skipping

[2024-07-27 01:48:36,502] {postgres.py:72} INFO - NOTICE:  schema "silver" already exists, skipping

[2024-07-27 01:48:36,505] {postgres.py:72} INFO - NOTICE:  schema "gold" already exists, skipping

[2024-07-27 01:48:36,506] {postgres.py:72} INFO - WARNING:  there is no transaction in progress

[2024-07-27 01:48:36,535] {taskinstance.py:1211} INFO - Marking task as SUCCESS. dag_id=grillos_operations, task_id=create_schemas, execution_date=20240727T014834, start_date=20240727T014836, end_date=20240727T014836
[2024-07-27 01:48:36,600] {taskinstance.py:1265} INFO - 1 downstream tasks scheduled from follow-on schedule check
[2024-07-27 01:48:36,627] {local_task_job.py:149} INFO - Task exited with return code 0
